<?xml version="1.0" encoding="UTF-8"?>
<coverage generated="1764585946912" clover="3.2.0">
  <project timestamp="1764585946912" name="All files">
    <metrics statements="653" coveredstatements="468" conditionals="456" coveredconditionals="258" methods="168" coveredmethods="143" elements="1277" coveredelements="869" complexity="0" loc="653" ncloc="653" packages="8" files="20" classes="20"/>
    <package name="convex">
      <metrics statements="313" coveredstatements="136" conditionals="235" coveredconditionals="55" methods="60" coveredmethods="40"/>
      <file name="actions.ts" path="/Users/pcstyle/sen-web/convex/actions.ts">
        <metrics statements="240" coveredstatements="83" conditionals="193" coveredconditionals="34" methods="36" coveredmethods="23"/>
        <line num="7" count="1" type="stmt"/>
        <line num="8" count="2" type="stmt"/>
        <line num="9" count="2" type="stmt"/>
        <line num="10" count="2" type="stmt"/>
        <line num="11" count="20" type="cond" truecount="2" falsecount="0"/>
        <line num="12" count="20" type="stmt"/>
        <line num="13" count="90" type="stmt"/>
        <line num="16" count="2" type="stmt"/>
        <line num="20" count="6" type="stmt"/>
        <line num="21" count="18" type="stmt"/>
        <line num="24" count="2" type="stmt"/>
        <line num="25" count="2" type="stmt"/>
        <line num="26" count="2" type="stmt"/>
        <line num="27" count="2" type="stmt"/>
        <line num="30" count="1" type="stmt"/>
        <line num="31" count="2" type="stmt"/>
        <line num="32" count="2" type="stmt"/>
        <line num="33" count="106" type="stmt"/>
        <line num="34" count="106" type="stmt"/>
        <line num="36" count="2" type="stmt"/>
        <line num="43" count="1" type="stmt"/>
        <line num="51" count="3" type="stmt"/>
        <line num="52" count="3" type="stmt"/>
        <line num="54" count="3" type="stmt"/>
        <line num="56" count="3" type="stmt"/>
        <line num="59" count="3" type="cond" truecount="1" falsecount="1"/>
        <line num="60" count="0" type="stmt"/>
        <line num="64" count="3" type="cond" truecount="1" falsecount="1"/>
        <line num="65" count="0" type="cond" truecount="0" falsecount="2"/>
        <line num="67" count="0" type="stmt"/>
        <line num="71" count="3" type="stmt"/>
        <line num="76" count="3" type="stmt"/>
        <line num="77" count="3" type="stmt"/>
        <line num="85" count="3" type="stmt"/>
        <line num="86" count="3" type="stmt"/>
        <line num="89" count="3" type="stmt"/>
        <line num="90" count="0" type="stmt"/>
        <line num="91" count="0" type="stmt"/>
        <line num="103" count="3" type="stmt"/>
        <line num="107" count="2" type="stmt"/>
        <line num="109" count="8" type="stmt"/>
        <line num="112" count="2" type="stmt"/>
        <line num="113" count="1" type="cond" truecount="1" falsecount="1"/>
        <line num="114" count="1" type="stmt"/>
        <line num="116" count="1" type="stmt"/>
        <line num="118" count="1" type="cond" truecount="3" falsecount="0"/>
        <line num="122" count="1" type="stmt"/>
        <line num="123" count="2" type="stmt"/>
        <line num="124" count="2" type="cond" truecount="2" falsecount="0"/>
        <line num="130" count="1" type="stmt"/>
        <line num="132" count="2" type="stmt"/>
        <line num="135" count="1" type="stmt"/>
        <line num="136" count="2" type="stmt"/>
        <line num="137" count="3" type="stmt"/>
        <line num="139" count="2" type="stmt"/>
        <line num="145" count="1" type="stmt"/>
        <line num="146" count="1" type="cond" truecount="1" falsecount="1"/>
        <line num="148" count="1" type="stmt"/>
        <line num="150" count="1" type="cond" truecount="1" falsecount="1"/>
        <line num="151" count="1" type="stmt"/>
        <line num="152" count="1" type="cond" truecount="1" falsecount="1"/>
        <line num="154" count="1" type="stmt"/>
        <line num="157" count="2" type="stmt"/>
        <line num="159" count="8" type="stmt"/>
        <line num="168" count="0" type="stmt"/>
        <line num="171" count="0" type="stmt"/>
        <line num="173" count="0" type="stmt"/>
        <line num="187" count="3" type="cond" truecount="2" falsecount="10"/>
        <line num="189" count="0" type="cond" truecount="0" falsecount="4"/>
        <line num="192" count="0" type="stmt"/>
        <line num="193" count="0" type="cond" truecount="0" falsecount="2"/>
        <line num="196" count="0" type="cond" truecount="0" falsecount="2"/>
        <line num="199" count="0" type="cond" truecount="0" falsecount="4"/>
        <line num="201" count="0" type="stmt"/>
        <line num="202" count="0" type="stmt"/>
        <line num="203" count="0" type="stmt"/>
        <line num="206" count="0" type="cond" truecount="0" falsecount="2"/>
        <line num="208" count="0" type="stmt"/>
        <line num="209" count="0" type="stmt"/>
        <line num="214" count="0" type="stmt"/>
        <line num="216" count="0" type="stmt"/>
        <line num="218" count="0" type="cond" truecount="0" falsecount="2"/>
        <line num="220" count="0" type="stmt"/>
        <line num="226" count="0" type="stmt"/>
        <line num="232" count="0" type="stmt"/>
        <line num="236" count="0" type="cond" truecount="0" falsecount="4"/>
        <line num="238" count="0" type="stmt"/>
        <line num="239" count="0" type="stmt"/>
        <line num="241" count="0" type="cond" truecount="0" falsecount="2"/>
        <line num="242" count="0" type="cond" truecount="0" falsecount="2"/>
        <line num="244" count="0" type="stmt"/>
        <line num="247" count="0" type="cond" truecount="0" falsecount="2"/>
        <line num="249" count="0" type="stmt"/>
        <line num="251" count="0" type="stmt"/>
        <line num="254" count="0" type="stmt"/>
        <line num="264" count="0" type="stmt"/>
        <line num="270" count="0" type="stmt"/>
        <line num="274" count="0" type="cond" truecount="0" falsecount="2"/>
        <line num="275" count="0" type="cond" truecount="0" falsecount="2"/>
        <line num="277" count="0" type="stmt"/>
        <line num="278" count="0" type="stmt"/>
        <line num="281" count="0" type="cond" truecount="0" falsecount="2"/>
        <line num="282" count="0" type="cond" truecount="0" falsecount="2"/>
        <line num="283" count="0" type="stmt"/>
        <line num="284" count="0" type="stmt"/>
        <line num="285" count="0" type="stmt"/>
        <line num="287" count="0" type="cond" truecount="0" falsecount="2"/>
        <line num="288" count="0" type="stmt"/>
        <line num="289" count="0" type="stmt"/>
        <line num="292" count="0" type="stmt"/>
        <line num="293" count="0" type="stmt"/>
        <line num="297" count="0" type="stmt"/>
        <line num="299" count="0" type="stmt"/>
        <line num="316" count="0" type="stmt"/>
        <line num="320" count="0" type="cond" truecount="0" falsecount="2"/>
        <line num="321" count="0" type="cond" truecount="0" falsecount="2"/>
        <line num="322" count="0" type="cond" truecount="0" falsecount="2"/>
        <line num="324" count="0" type="stmt"/>
        <line num="325" count="0" type="stmt"/>
        <line num="327" count="0" type="stmt"/>
        <line num="341" count="0" type="stmt"/>
        <line num="345" count="0" type="cond" truecount="0" falsecount="2"/>
        <line num="346" count="0" type="cond" truecount="0" falsecount="2"/>
        <line num="347" count="0" type="cond" truecount="0" falsecount="4"/>
        <line num="348" count="0" type="cond" truecount="0" falsecount="4"/>
        <line num="350" count="0" type="stmt"/>
        <line num="352" count="0" type="stmt"/>
        <line num="363" count="0" type="stmt"/>
        <line num="367" count="0" type="cond" truecount="0" falsecount="2"/>
        <line num="368" count="0" type="cond" truecount="0" falsecount="2"/>
        <line num="369" count="0" type="cond" truecount="0" falsecount="2"/>
        <line num="372" count="0" type="cond" truecount="0" falsecount="4"/>
        <line num="374" count="0" type="stmt"/>
        <line num="375" count="0" type="stmt"/>
        <line num="376" count="0" type="stmt"/>
        <line num="378" count="0" type="stmt"/>
        <line num="380" count="0" type="stmt"/>
        <line num="385" count="0" type="stmt"/>
        <line num="386" count="0" type="stmt"/>
        <line num="388" count="0" type="stmt"/>
        <line num="390" count="0" type="stmt"/>
        <line num="403" count="0" type="stmt"/>
        <line num="407" count="0" type="cond" truecount="0" falsecount="2"/>
        <line num="408" count="0" type="cond" truecount="0" falsecount="2"/>
        <line num="409" count="0" type="cond" truecount="0" falsecount="2"/>
        <line num="410" count="0" type="cond" truecount="0" falsecount="4"/>
        <line num="412" count="0" type="stmt"/>
        <line num="414" count="0" type="cond" truecount="0" falsecount="2"/>
        <line num="416" count="0" type="stmt"/>
        <line num="417" count="0" type="stmt"/>
        <line num="420" count="0" type="stmt"/>
        <line num="421" count="0" type="stmt"/>
        <line num="422" count="0" type="stmt"/>
        <line num="423" count="0" type="cond" truecount="0" falsecount="2"/>
        <line num="428" count="0" type="stmt"/>
        <line num="435" count="0" type="cond" truecount="0" falsecount="2"/>
        <line num="437" count="0" type="stmt"/>
        <line num="443" count="0" type="cond" truecount="0" falsecount="2"/>
        <line num="444" count="0" type="stmt"/>
        <line num="451" count="0" type="stmt"/>
        <line num="455" count="0" type="cond" truecount="0" falsecount="2"/>
        <line num="456" count="0" type="cond" truecount="0" falsecount="2"/>
        <line num="459" count="0" type="stmt"/>
        <line num="460" count="0" type="cond" truecount="0" falsecount="2"/>
        <line num="463" count="0" type="cond" truecount="0" falsecount="4"/>
        <line num="465" count="0" type="stmt"/>
        <line num="467" count="0" type="stmt"/>
        <line num="468" count="0" type="cond" truecount="0" falsecount="2"/>
        <line num="469" count="0" type="stmt"/>
        <line num="470" count="0" type="cond" truecount="0" falsecount="2"/>
        <line num="474" count="0" type="stmt"/>
        <line num="477" count="0" type="cond" truecount="0" falsecount="2"/>
        <line num="478" count="0" type="stmt"/>
        <line num="480" count="0" type="stmt"/>
        <line num="494" count="0" type="stmt"/>
        <line num="495" count="0" type="stmt"/>
        <line num="499" count="0" type="cond" truecount="0" falsecount="2"/>
        <line num="500" count="0" type="cond" truecount="0" falsecount="4"/>
        <line num="503" count="0" type="stmt"/>
        <line num="504" count="0" type="cond" truecount="0" falsecount="2"/>
        <line num="505" count="0" type="cond" truecount="0" falsecount="4"/>
        <line num="507" count="0" type="cond" truecount="0" falsecount="2"/>
        <line num="508" count="0" type="stmt"/>
        <line num="516" count="0" type="stmt"/>
        <line num="517" count="0" type="stmt"/>
        <line num="519" count="0" type="stmt"/>
        <line num="520" count="0" type="stmt"/>
        <line num="522" count="0" type="stmt"/>
        <line num="523" count="0" type="stmt"/>
        <line num="525" count="0" type="stmt"/>
        <line num="526" count="0" type="stmt"/>
        <line num="529" count="0" type="stmt"/>
        <line num="530" count="0" type="stmt"/>
        <line num="532" count="0" type="stmt"/>
        <line num="533" count="0" type="stmt"/>
        <line num="536" count="0" type="cond" truecount="0" falsecount="2"/>
        <line num="537" count="0" type="stmt"/>
        <line num="539" count="0" type="stmt"/>
        <line num="540" count="0" type="stmt"/>
        <line num="541" count="0" type="stmt"/>
        <line num="543" count="0" type="stmt"/>
        <line num="544" count="0" type="stmt"/>
        <line num="547" count="0" type="cond" truecount="0" falsecount="2"/>
        <line num="548" count="0" type="stmt"/>
        <line num="550" count="0" type="stmt"/>
        <line num="568" count="0" type="stmt"/>
        <line num="572" count="0" type="cond" truecount="0" falsecount="2"/>
        <line num="573" count="0" type="cond" truecount="0" falsecount="2"/>
        <line num="574" count="0" type="cond" truecount="0" falsecount="2"/>
        <line num="577" count="0" type="stmt"/>
        <line num="578" count="0" type="stmt"/>
        <line num="579" count="0" type="stmt"/>
        <line num="581" count="0" type="cond" truecount="0" falsecount="2"/>
        <line num="584" count="0" type="stmt"/>
        <line num="587" count="0" type="stmt"/>
        <line num="596" count="0" type="stmt"/>
        <line num="600" count="1" type="cond" truecount="1" falsecount="1"/>
        <line num="601" count="1" type="cond" truecount="1" falsecount="1"/>
        <line num="603" count="1" type="stmt"/>
        <line num="604" count="1" type="stmt"/>
        <line num="609" count="2" type="cond" truecount="3" falsecount="1"/>
        <line num="611" count="2" type="stmt"/>
        <line num="613" count="2" type="stmt"/>
        <line num="616" count="2" type="cond" truecount="1" falsecount="1"/>
        <line num="617" count="2" type="stmt"/>
        <line num="619" count="2" type="stmt"/>
        <line num="622" count="2" type="cond" truecount="1" falsecount="1"/>
        <line num="625" count="2" type="cond" truecount="2" falsecount="2"/>
        <line num="627" count="4" type="stmt"/>
        <line num="636" count="2" type="stmt"/>
        <line num="637" count="2" type="cond" truecount="1" falsecount="1"/>
        <line num="638" count="0" type="stmt"/>
        <line num="642" count="4" type="stmt"/>
        <line num="647" count="2" type="stmt"/>
        <line num="648" count="8" type="stmt"/>
        <line num="649" count="16" type="stmt"/>
        <line num="650" count="16" type="cond" truecount="1" falsecount="1"/>
        <line num="654" count="2" type="stmt"/>
        <line num="656" count="2" type="stmt"/>
        <line num="674" count="2" type="stmt"/>
      </file>
      <file name="games.ts" path="/Users/pcstyle/sen-web/convex/games.ts">
        <metrics statements="25" coveredstatements="18" conditionals="30" coveredconditionals="16" methods="10" coveredmethods="6"/>
        <line num="6" count="1" type="stmt"/>
        <line num="7" count="2" type="cond" truecount="2" falsecount="0"/>
        <line num="9" count="1" type="stmt"/>
        <line num="15" count="2" type="stmt"/>
        <line num="17" count="2" type="stmt"/>
        <line num="20" count="2" type="cond" truecount="1" falsecount="1"/>
        <line num="22" count="2" type="stmt"/>
        <line num="23" count="2" type="stmt"/>
        <line num="25" count="2" type="cond" truecount="1" falsecount="1"/>
        <line num="26" count="0" type="stmt"/>
        <line num="30" count="2" type="cond" truecount="1" falsecount="1"/>
        <line num="31" count="0" type="stmt"/>
        <line num="33" count="0" type="stmt"/>
        <line num="37" count="0" type="cond" truecount="0" falsecount="4"/>
        <line num="39" count="0" type="stmt"/>
        <line num="46" count="0" type="stmt"/>
        <line num="52" count="2" type="cond" truecount="1" falsecount="1"/>
        <line num="54" count="2" type="stmt"/>
        <line num="57" count="2" type="cond" truecount="1" falsecount="1"/>
        <line num="58" count="4" type="cond" truecount="4" falsecount="0"/>
        <line num="61" count="1" type="stmt"/>
        <line num="63" count="4" type="stmt"/>
        <line num="79" count="45" type="cond" truecount="1" falsecount="1"/>
        <line num="85" count="2" type="stmt"/>
        <line num="91" count="0" type="cond" truecount="2" falsecount="2"/>
      </file>
      <file name="rooms.ts" path="/Users/pcstyle/sen-web/convex/rooms.ts">
        <metrics statements="48" coveredstatements="35" conditionals="12" coveredconditionals="5" methods="14" coveredmethods="11"/>
        <line num="4" count="1" type="stmt"/>
        <line num="12" count="4" type="stmt"/>
        <line num="13" count="4" type="cond" truecount="2" falsecount="0"/>
        <line num="16" count="4" type="stmt"/>
        <line num="18" count="4" type="stmt"/>
        <line num="20" count="4" type="cond" truecount="1" falsecount="1"/>
        <line num="21" count="0" type="stmt"/>
        <line num="24" count="4" type="stmt"/>
        <line num="34" count="4" type="stmt"/>
        <line num="45" count="4" type="stmt"/>
        <line num="57" count="4" type="stmt"/>
        <line num="61" count="1" type="stmt"/>
        <line num="69" count="4" type="stmt"/>
        <line num="71" count="4" type="stmt"/>
        <line num="74" count="4" type="cond" truecount="1" falsecount="1"/>
        <line num="75" count="0" type="stmt"/>
        <line num="79" count="4" type="stmt"/>
        <line num="81" count="4" type="stmt"/>
        <line num="84" count="4" type="stmt"/>
        <line num="85" count="4" type="stmt"/>
        <line num="87" count="4" type="stmt"/>
        <line num="89" count="5" type="stmt"/>
        <line num="90" count="4" type="stmt"/>
        <line num="91" count="5" type="stmt"/>
        <line num="93" count="4" type="cond" truecount="1" falsecount="1"/>
        <line num="95" count="0" type="stmt"/>
        <line num="101" count="4" type="stmt"/>
        <line num="113" count="4" type="stmt"/>
        <line num="117" count="4" type="stmt"/>
        <line num="121" count="1" type="stmt"/>
        <line num="124" count="1" type="stmt"/>
        <line num="126" count="1" type="stmt"/>
        <line num="128" count="1" type="stmt"/>
        <line num="132" count="1" type="stmt"/>
        <line num="135" count="2" type="stmt"/>
        <line num="137" count="2" type="stmt"/>
        <line num="139" count="2" type="stmt"/>
        <line num="143" count="1" type="stmt"/>
        <line num="149" count="0" type="stmt"/>
        <line num="150" count="0" type="stmt"/>
        <line num="152" count="0" type="stmt"/>
        <line num="155" count="0" type="cond" truecount="0" falsecount="2"/>
        <line num="156" count="0" type="stmt"/>
        <line num="162" count="0" type="stmt"/>
        <line num="164" count="0" type="stmt"/>
        <line num="166" count="0" type="cond" truecount="0" falsecount="2"/>
        <line num="167" count="0" type="stmt"/>
        <line num="169" count="0" type="stmt"/>
      </file>
      <file name="schema.ts" path="/Users/pcstyle/sen-web/convex/schema.ts">
        <metrics statements="0" coveredstatements="0" conditionals="0" coveredconditionals="0" methods="0" coveredmethods="0"/>
      </file>
    </package>
    <package name="convex._generated">
      <metrics statements="10" coveredstatements="10" conditionals="0" coveredconditionals="0" methods="0" coveredmethods="0"/>
      <file name="api.js" path="/Users/pcstyle/sen-web/convex/_generated/api.js">
        <metrics statements="3" coveredstatements="3" conditionals="0" coveredconditionals="0" methods="0" coveredmethods="0"/>
        <line num="21" count="1" type="stmt"/>
        <line num="22" count="1" type="stmt"/>
        <line num="23" count="1" type="stmt"/>
      </file>
      <file name="server.js" path="/Users/pcstyle/sen-web/convex/_generated/server.js">
        <metrics statements="7" coveredstatements="7" conditionals="0" coveredconditionals="0" methods="0" coveredmethods="0"/>
        <line num="29" count="1" type="stmt"/>
        <line num="39" count="1" type="stmt"/>
        <line num="49" count="1" type="stmt"/>
        <line num="59" count="1" type="stmt"/>
        <line num="72" count="1" type="stmt"/>
        <line num="80" count="1" type="stmt"/>
        <line num="93" count="1" type="stmt"/>
      </file>
    </package>
    <package name="src.i18n">
      <metrics statements="2" coveredstatements="2" conditionals="0" coveredconditionals="0" methods="0" coveredmethods="0"/>
      <file name="config.ts" path="/Users/pcstyle/sen-web/src/i18n/config.ts">
        <metrics statements="2" coveredstatements="2" conditionals="0" coveredconditionals="0" methods="0" coveredmethods="0"/>
        <line num="11" count="3" type="stmt"/>
        <line num="22" count="3" type="stmt"/>
      </file>
    </package>
    <package name="src.lib">
      <metrics statements="20" coveredstatements="20" conditionals="2" coveredconditionals="2" methods="5" coveredmethods="5"/>
      <file name="game-logic.ts" path="/Users/pcstyle/sen-web/src/lib/game-logic.ts">
        <metrics statements="20" coveredstatements="20" conditionals="2" coveredconditionals="2" methods="5" coveredmethods="5"/>
        <line num="3" count="1" type="stmt"/>
        <line num="4" count="12" type="stmt"/>
        <line num="5" count="12" type="stmt"/>
        <line num="10" count="12" type="stmt"/>
        <line num="11" count="120" type="cond" truecount="2" falsecount="0"/>
        <line num="12" count="120" type="stmt"/>
        <line num="13" count="540" type="stmt"/>
        <line num="23" count="12" type="stmt"/>
        <line num="26" count="36" type="stmt"/>
        <line num="34" count="12" type="stmt"/>
        <line num="37" count="36" type="stmt"/>
        <line num="45" count="12" type="stmt"/>
        <line num="48" count="36" type="stmt"/>
        <line num="56" count="12" type="stmt"/>
        <line num="59" count="1" type="stmt"/>
        <line num="60" count="8" type="stmt"/>
        <line num="61" count="8" type="stmt"/>
        <line num="62" count="424" type="stmt"/>
        <line num="63" count="424" type="stmt"/>
        <line num="65" count="8" type="stmt"/>
      </file>
    </package>
    <package name="src.locales.en">
      <metrics statements="0" coveredstatements="0" conditionals="0" coveredconditionals="0" methods="0" coveredmethods="0"/>
      <file name="common.json" path="/Users/pcstyle/sen-web/src/locales/en/common.json">
        <metrics statements="0" coveredstatements="0" conditionals="0" coveredconditionals="0" methods="0" coveredmethods="0"/>
      </file>
      <file name="translation.json" path="/Users/pcstyle/sen-web/src/locales/en/translation.json">
        <metrics statements="0" coveredstatements="0" conditionals="0" coveredconditionals="0" methods="0" coveredmethods="0"/>
      </file>
    </package>
    <package name="src.locales.pl">
      <metrics statements="0" coveredstatements="0" conditionals="0" coveredconditionals="0" methods="0" coveredmethods="0"/>
      <file name="common.json" path="/Users/pcstyle/sen-web/src/locales/pl/common.json">
        <metrics statements="0" coveredstatements="0" conditionals="0" coveredconditionals="0" methods="0" coveredmethods="0"/>
      </file>
      <file name="translation.json" path="/Users/pcstyle/sen-web/src/locales/pl/translation.json">
        <metrics statements="0" coveredstatements="0" conditionals="0" coveredconditionals="0" methods="0" coveredmethods="0"/>
      </file>
    </package>
    <package name="src.state">
      <metrics statements="282" coveredstatements="275" conditionals="215" coveredconditionals="197" methods="93" coveredmethods="90"/>
      <file name="gameReducer.ts" path="/Users/pcstyle/sen-web/src/state/gameReducer.ts">
        <metrics statements="223" coveredstatements="221" conditionals="197" coveredconditionals="183" methods="47" coveredmethods="47"/>
        <line num="13" count="1" type="stmt"/>
        <line num="14" count="5" type="cond" truecount="2" falsecount="0"/>
        <line num="16" count="1" type="stmt"/>
        <line num="20" count="6" type="cond" truecount="2" falsecount="0"/>
        <line num="21" count="5" type="stmt"/>
        <line num="25" count="5" type="cond" truecount="4" falsecount="0"/>
        <line num="29" count="6" type="stmt"/>
        <line num="30" count="10" type="cond" truecount="4" falsecount="0"/>
        <line num="32" count="3" type="stmt"/>
        <line num="34" count="6" type="stmt"/>
        <line num="42" count="6" type="stmt"/>
        <line num="45" count="1" type="stmt"/>
        <line num="46" count="60" type="cond" truecount="5" falsecount="0"/>
        <line num="48" count="1" type="stmt"/>
        <line num="50" count="2" type="stmt"/>
        <line num="55" count="1" type="stmt"/>
        <line num="60" count="55" type="stmt"/>
        <line num="61" count="55" type="stmt"/>
        <line num="63" count="55" type="stmt"/>
        <line num="64" count="4" type="stmt"/>
        <line num="65" count="4" type="stmt"/>
        <line num="78" count="55" type="stmt"/>
        <line num="82" count="10" type="stmt"/>
        <line num="84" count="40" type="stmt"/>
        <line num="87" count="10" type="stmt"/>
        <line num="88" count="5" type="cond" truecount="2" falsecount="0"/>
        <line num="89" count="4" type="stmt"/>
        <line num="91" count="5" type="stmt"/>
        <line num="94" count="5" type="cond" truecount="3" falsecount="0"/>
        <line num="98" count="5" type="stmt"/>
        <line num="99" count="10" type="stmt"/>
        <line num="100" count="10" type="cond" truecount="2" falsecount="0"/>
        <line num="106" count="1" type="stmt"/>
        <line num="108" count="10" type="stmt"/>
        <line num="111" count="5" type="stmt"/>
        <line num="112" count="10" type="stmt"/>
        <line num="113" count="15" type="stmt"/>
        <line num="115" count="10" type="stmt"/>
        <line num="121" count="5" type="stmt"/>
        <line num="122" count="5" type="cond" truecount="2" falsecount="0"/>
        <line num="124" count="9" type="stmt"/>
        <line num="127" count="5" type="cond" truecount="2" falsecount="0"/>
        <line num="128" count="1" type="stmt"/>
        <line num="129" count="1" type="cond" truecount="1" falsecount="1"/>
        <line num="131" count="1" type="stmt"/>
        <line num="134" count="2" type="stmt"/>
        <line num="136" count="8" type="stmt"/>
        <line num="147" count="4" type="cond" truecount="2" falsecount="0"/>
        <line num="148" count="1" type="stmt"/>
        <line num="151" count="2" type="stmt"/>
        <line num="153" count="8" type="stmt"/>
        <line num="164" count="3" type="stmt"/>
        <line num="167" count="6" type="stmt"/>
        <line num="169" count="24" type="stmt"/>
        <line num="181" count="55" type="cond" truecount="12" falsecount="1"/>
        <line num="183" count="5" type="cond" truecount="2" falsecount="0"/>
        <line num="188" count="2" type="stmt"/>
        <line num="189" count="3" type="stmt"/>
        <line num="190" count="3" type="stmt"/>
        <line num="191" count="3" type="stmt"/>
        <line num="192" count="3" type="cond" truecount="2" falsecount="0"/>
        <line num="196" count="2" type="stmt"/>
        <line num="197" count="1" type="stmt"/>
        <line num="198" count="1" type="stmt"/>
        <line num="203" count="1" type="stmt"/>
        <line num="205" count="1" type="stmt"/>
        <line num="216" count="5" type="cond" truecount="2" falsecount="0"/>
        <line num="221" count="2" type="stmt"/>
        <line num="223" count="3" type="stmt"/>
        <line num="224" count="3" type="stmt"/>
        <line num="227" count="3" type="stmt"/>
        <line num="228" count="6" type="cond" truecount="2" falsecount="0"/>
        <line num="229" count="3" type="stmt"/>
        <line num="231" count="12" type="stmt"/>
        <line num="234" count="3" type="stmt"/>
        <line num="238" count="3" type="cond" truecount="2" falsecount="0"/>
        <line num="239" count="1" type="stmt"/>
        <line num="252" count="2" type="stmt"/>
        <line num="263" count="6" type="cond" truecount="2" falsecount="0"/>
        <line num="265" count="5" type="stmt"/>
        <line num="266" count="5" type="stmt"/>
        <line num="269" count="5" type="cond" truecount="2" falsecount="0"/>
        <line num="271" count="3" type="cond" truecount="2" falsecount="0"/>
        <line num="272" count="2" type="stmt"/>
        <line num="273" count="2" type="stmt"/>
        <line num="274" count="2" type="stmt"/>
        <line num="275" count="2" type="stmt"/>
        <line num="276" count="2" type="stmt"/>
        <line num="279" count="2" type="cond" truecount="1" falsecount="1"/>
        <line num="280" count="0" type="stmt"/>
        <line num="284" count="1" type="stmt"/>
        <line num="288" count="4" type="stmt"/>
        <line num="290" count="4" type="stmt"/>
        <line num="313" count="3" type="cond" truecount="2" falsecount="0"/>
        <line num="318" count="2" type="stmt"/>
        <line num="321" count="1" type="stmt"/>
        <line num="322" count="1" type="stmt"/>
        <line num="324" count="1" type="stmt"/>
        <line num="341" count="4" type="cond" truecount="2" falsecount="0"/>
        <line num="348" count="3" type="stmt"/>
        <line num="350" count="1" type="stmt"/>
        <line num="352" count="1" type="stmt"/>
        <line num="366" count="2" type="cond" truecount="2" falsecount="0"/>
        <line num="371" count="1" type="stmt"/>
        <line num="373" count="1" type="stmt"/>
        <line num="374" count="1" type="stmt"/>
        <line num="375" count="1" type="stmt"/>
        <line num="377" count="1" type="stmt"/>
        <line num="378" count="2" type="cond" truecount="1" falsecount="1"/>
        <line num="380" count="1" type="stmt"/>
        <line num="386" count="1" type="stmt"/>
        <line num="387" count="1" type="stmt"/>
        <line num="389" count="1" type="stmt"/>
        <line num="391" count="1" type="stmt"/>
        <line num="407" count="9" type="cond" truecount="2" falsecount="0"/>
        <line num="412" count="3" type="stmt"/>
        <line num="414" count="6" type="stmt"/>
        <line num="415" count="6" type="cond" truecount="4" falsecount="0"/>
        <line num="417" count="5" type="cond" truecount="2" falsecount="0"/>
        <line num="418" count="3" type="stmt"/>
        <line num="419" count="3" type="stmt"/>
        <line num="420" count="3" type="stmt"/>
        <line num="421" count="6" type="cond" truecount="2" falsecount="0"/>
        <line num="422" count="5" type="stmt"/>
        <line num="426" count="3" type="stmt"/>
        <line num="428" count="3" type="stmt"/>
        <line num="442" count="2" type="stmt"/>
        <line num="447" count="2" type="stmt"/>
        <line num="457" count="3" type="cond" truecount="2" falsecount="0"/>
        <line num="459" count="2" type="stmt"/>
        <line num="460" count="4" type="cond" truecount="2" falsecount="0"/>
        <line num="462" count="2" type="stmt"/>
        <line num="463" count="8" type="cond" truecount="2" falsecount="0"/>
        <line num="468" count="2" type="stmt"/>
        <line num="471" count="2" type="cond" truecount="2" falsecount="0"/>
        <line num="472" count="1" type="stmt"/>
        <line num="474" count="1" type="stmt"/>
        <line num="490" count="6" type="cond" truecount="2" falsecount="0"/>
        <line num="494" count="1" type="stmt"/>
        <line num="496" count="5" type="stmt"/>
        <line num="498" count="5" type="cond" truecount="2" falsecount="0"/>
        <line num="501" count="1" type="stmt"/>
        <line num="505" count="1" type="stmt"/>
        <line num="513" count="4" type="stmt"/>
        <line num="514" count="6" type="cond" truecount="2" falsecount="0"/>
        <line num="516" count="4" type="stmt"/>
        <line num="517" count="3" type="stmt"/>
        <line num="518" count="4" type="stmt"/>
        <line num="519" count="4" type="stmt"/>
        <line num="520" count="4" type="stmt"/>
        <line num="523" count="4" type="stmt"/>
        <line num="524" count="3" type="stmt"/>
        <line num="525" count="6" type="stmt"/>
        <line num="527" count="3" type="cond" truecount="4" falsecount="0"/>
        <line num="529" count="2" type="stmt"/>
        <line num="530" count="2" type="stmt"/>
        <line num="532" count="2" type="stmt"/>
        <line num="533" count="2" type="stmt"/>
        <line num="534" count="2" type="cond" truecount="3" falsecount="1"/>
        <line num="536" count="2" type="stmt"/>
        <line num="537" count="2" type="stmt"/>
        <line num="539" count="2" type="cond" truecount="2" falsecount="0"/>
        <line num="540" count="1" type="stmt"/>
        <line num="543" count="1" type="stmt"/>
        <line num="548" count="1" type="stmt"/>
        <line num="568" count="2" type="cond" truecount="4" falsecount="0"/>
        <line num="569" count="1" type="stmt"/>
        <line num="571" count="1" type="stmt"/>
        <line num="572" count="2" type="stmt"/>
        <line num="575" count="1" type="cond" truecount="1" falsecount="1"/>
        <line num="579" count="2" type="stmt"/>
        <line num="598" count="5" type="cond" truecount="2" falsecount="0"/>
        <line num="600" count="4" type="stmt"/>
        <line num="607" count="5" type="cond" truecount="2" falsecount="0"/>
        <line num="608" count="4" type="stmt"/>
        <line num="609" count="24" type="stmt"/>
        <line num="611" count="4" type="stmt"/>
        <line num="615" count="5" type="stmt"/>
        <line num="623" count="5" type="stmt"/>
        <line num="624" count="5" type="cond" truecount="2" falsecount="0"/>
        <line num="625" count="1" type="stmt"/>
        <line num="626" count="1" type="stmt"/>
        <line num="630" count="3" type="stmt"/>
        <line num="631" count="3" type="stmt"/>
        <line num="632" count="66" type="stmt"/>
        <line num="633" count="66" type="stmt"/>
        <line num="636" count="6" type="stmt"/>
        <line num="640" count="24" type="stmt"/>
        <line num="647" count="3" type="stmt"/>
        <line num="649" count="3" type="stmt"/>
        <line num="669" count="0" type="stmt"/>
        <line num="673" count="1" type="stmt"/>
        <line num="677" count="1" type="stmt"/>
        <line num="678" count="4" type="cond" truecount="4" falsecount="0"/>
        <line num="679" count="2" type="stmt"/>
        <line num="682" count="2" type="stmt"/>
        <line num="683" count="4" type="cond" truecount="2" falsecount="0"/>
        <line num="684" count="2" type="stmt"/>
        <line num="685" count="4" type="cond" truecount="4" falsecount="0"/>
        <line num="686" count="3" type="stmt"/>
        <line num="688" count="1" type="stmt"/>
        <line num="690" count="2" type="stmt"/>
        <line num="692" count="2" type="stmt"/>
        <line num="693" count="4" type="cond" truecount="4" falsecount="0"/>
        <line num="694" count="1" type="stmt"/>
        <line num="696" count="3" type="stmt"/>
        <line num="698" count="2" type="stmt"/>
        <line num="702" count="2" type="stmt"/>
        <line num="708" count="1" type="stmt"/>
        <line num="713" count="5" type="cond" truecount="4" falsecount="0"/>
        <line num="714" count="4" type="stmt"/>
        <line num="715" count="4" type="stmt"/>
        <line num="716" count="3" type="cond" truecount="4" falsecount="0"/>
        <line num="718" count="2" type="stmt"/>
        <line num="719" count="3" type="cond" truecount="2" falsecount="0"/>
        <line num="721" count="2" type="cond" truecount="2" falsecount="0"/>
        <line num="723" count="1" type="stmt"/>
        <line num="724" count="2" type="stmt"/>
        <line num="725" count="2" type="cond" truecount="4" falsecount="0"/>
        <line num="726" count="1" type="stmt"/>
        <line num="728" count="1" type="cond" truecount="1" falsecount="1"/>
        <line num="731" count="1" type="stmt"/>
        <line num="734" count="2" type="cond" truecount="2" falsecount="0"/>
      </file>
      <file name="gameSlice.ts" path="/Users/pcstyle/sen-web/src/state/gameSlice.ts">
        <metrics statements="20" coveredstatements="20" conditionals="12" coveredconditionals="11" methods="19" coveredmethods="19"/>
        <line num="5" count="2" type="stmt"/>
        <line num="6" count="21" type="stmt"/>
        <line num="8" count="2" type="stmt"/>
        <line num="9" count="15" type="cond" truecount="4" falsecount="0"/>
        <line num="11" count="1" type="stmt"/>
        <line num="13" count="1" type="stmt"/>
        <line num="15" count="9" type="stmt"/>
        <line num="17" count="4" type="stmt"/>
        <line num="21" count="2" type="stmt"/>
        <line num="27" count="12" type="stmt"/>
        <line num="34" count="3" type="stmt"/>
        <line num="35" count="3" type="stmt"/>
        <line num="36" count="3" type="stmt"/>
        <line num="44" count="1" type="stmt"/>
        <line num="51" count="1" type="stmt"/>
        <line num="56" count="2" type="stmt"/>
        <line num="59" count="2" type="stmt"/>
        <line num="67" count="1" type="stmt"/>
        <line num="69" count="2" type="stmt"/>
        <line num="71" count="2" type="stmt"/>
      </file>
      <file name="initialGame.ts" path="/Users/pcstyle/sen-web/src/state/initialGame.ts">
        <metrics statements="1" coveredstatements="1" conditionals="0" coveredconditionals="0" methods="0" coveredmethods="0"/>
        <line num="4" count="3" type="stmt"/>
      </file>
      <file name="netSlice.ts" path="/Users/pcstyle/sen-web/src/state/netSlice.ts">
        <metrics statements="5" coveredstatements="5" conditionals="0" coveredconditionals="0" methods="6" coveredmethods="6"/>
        <line num="3" count="2" type="stmt"/>
        <line num="8" count="3" type="stmt"/>
        <line num="9" count="2" type="stmt"/>
        <line num="10" count="5" type="stmt"/>
        <line num="11" count="1" type="stmt"/>
      </file>
      <file name="sessionSlice.ts" path="/Users/pcstyle/sen-web/src/state/sessionSlice.ts">
        <metrics statements="6" coveredstatements="6" conditionals="2" coveredconditionals="2" methods="6" coveredmethods="6"/>
        <line num="4" count="2" type="stmt"/>
        <line num="12" count="3" type="cond" truecount="2" falsecount="0"/>
        <line num="13" count="3" type="stmt"/>
        <line num="14" count="1" type="stmt"/>
        <line num="15" count="1" type="stmt"/>
        <line num="16" count="1" type="stmt"/>
      </file>
      <file name="store.ts" path="/Users/pcstyle/sen-web/src/state/store.ts">
        <metrics statements="20" coveredstatements="15" conditionals="4" coveredconditionals="1" methods="9" coveredmethods="6"/>
        <line num="20" count="2" type="stmt"/>
        <line num="23" count="2" type="stmt"/>
        <line num="24" count="2" type="stmt"/>
        <line num="25" count="2" type="stmt"/>
        <line num="26" count="80" type="stmt"/>
        <line num="27" count="0" type="stmt"/>
        <line num="29" count="2" type="stmt"/>
        <line num="32" count="88" type="stmt"/>
        <line num="45" count="2" type="stmt"/>
        <line num="49" count="2" type="stmt"/>
        <line num="57" count="88" type="stmt"/>
        <line num="64" count="0" type="stmt"/>
        <line num="66" count="0" type="cond" truecount="0" falsecount="2"/>
        <line num="71" count="0" type="stmt"/>
        <line num="78" count="2" type="stmt"/>
        <line num="79" count="2" type="stmt"/>
        <line num="80" count="2" type="cond" truecount="1" falsecount="1"/>
        <line num="81" count="0" type="stmt"/>
        <line num="83" count="2" type="stmt"/>
        <line num="103" count="2" type="stmt"/>
      </file>
      <file name="uiSlice.ts" path="/Users/pcstyle/sen-web/src/state/uiSlice.ts">
        <metrics statements="7" coveredstatements="7" conditionals="0" coveredconditionals="0" methods="6" coveredmethods="6"/>
        <line num="3" count="2" type="stmt"/>
        <line num="5" count="2" type="stmt"/>
        <line num="12" count="2" type="stmt"/>
        <line num="13" count="1" type="stmt"/>
        <line num="14" count="1" type="stmt"/>
        <line num="15" count="1" type="stmt"/>
        <line num="16" count="1" type="stmt"/>
      </file>
    </package>
    <package name="src.stores">
      <metrics statements="26" coveredstatements="25" conditionals="4" coveredconditionals="4" methods="10" coveredmethods="8"/>
      <file name="tutorialStore.ts" path="/Users/pcstyle/sen-web/src/stores/tutorialStore.ts">
        <metrics statements="26" coveredstatements="25" conditionals="4" coveredconditionals="4" methods="10" coveredmethods="8"/>
        <line num="29" count="2" type="stmt"/>
        <line num="31" count="2" type="stmt"/>
        <line num="53" count="2" type="stmt"/>
        <line num="56" count="2" type="stmt"/>
        <line num="57" count="2" type="stmt"/>
        <line num="58" count="2" type="stmt"/>
        <line num="59" count="14" type="stmt"/>
        <line num="60" count="0" type="stmt"/>
        <line num="62" count="2" type="stmt"/>
        <line num="65" count="2" type="stmt"/>
        <line num="66" count="2" type="stmt"/>
        <line num="68" count="2" type="stmt"/>
        <line num="70" count="22" type="stmt"/>
        <line num="71" count="22" type="stmt"/>
        <line num="72" count="22" type="cond" truecount="2" falsecount="0"/>
        <line num="73" count="20" type="stmt"/>
        <line num="75" count="2" type="stmt"/>
        <line num="79" count="10" type="stmt"/>
        <line num="80" count="10" type="stmt"/>
        <line num="82" count="10" type="cond" truecount="2" falsecount="0"/>
        <line num="83" count="8" type="stmt"/>
        <line num="87" count="1" type="stmt"/>
        <line num="90" count="2" type="stmt"/>
        <line num="91" count="2" type="stmt"/>
        <line num="93" count="13" type="stmt"/>
        <line num="103" count="2" type="stmt"/>
      </file>
    </package>
  </project>
</coverage>
