{"/Users/pcstyle/sen-web/convex/actions.ts": {"path":"/Users/pcstyle/sen-web/convex/actions.ts","statementMap":{"0":{"start":{"line":7,"column":18},"end":{"line":28,"column":null}},"1":{"start":{"line":8,"column":24},"end":{"line":8,"column":null}},"2":{"start":{"line":9,"column":11},"end":{"line":9,"column":null}},"3":{"start":{"line":10,"column":2},"end":{"line":15,"column":null}},"4":{"start":{"line":10,"column":15},"end":{"line":10,"column":18}},"5":{"start":{"line":11,"column":18},"end":{"line":11,"column":null}},"6":{"start":{"line":12,"column":4},"end":{"line":14,"column":null}},"7":{"start":{"line":12,"column":17},"end":{"line":12,"column":20}},"8":{"start":{"line":13,"column":6},"end":{"line":13,"column":null}},"9":{"start":{"line":16,"column":21},"end":{"line":23,"column":null}},"10":{"start":{"line":20,"column":4},"end":{"line":22,"column":null}},"11":{"start":{"line":20,"column":17},"end":{"line":20,"column":20}},"12":{"start":{"line":21,"column":6},"end":{"line":21,"column":null}},"13":{"start":{"line":24,"column":2},"end":{"line":24,"column":null}},"14":{"start":{"line":25,"column":2},"end":{"line":25,"column":null}},"15":{"start":{"line":26,"column":2},"end":{"line":26,"column":null}},"16":{"start":{"line":27,"column":2},"end":{"line":27,"column":null}},"17":{"start":{"line":30,"column":16},"end":{"line":37,"column":null}},"18":{"start":{"line":31,"column":19},"end":{"line":31,"column":null}},"19":{"start":{"line":32,"column":2},"end":{"line":35,"column":null}},"20":{"start":{"line":32,"column":15},"end":{"line":32,"column":36}},"21":{"start":{"line":33,"column":14},"end":{"line":33,"column":null}},"22":{"start":{"line":34,"column":4},"end":{"line":34,"column":null}},"23":{"start":{"line":36,"column":2},"end":{"line":36,"column":null}},"24":{"start":{"line":43,"column":13},"end":{"line":678,"column":null}},"25":{"start":{"line":51,"column":49},"end":{"line":51,"column":null}},"26":{"start":{"line":52,"column":19},"end":{"line":52,"column":null}},"27":{"start":{"line":54,"column":23},"end":{"line":57,"column":null}},"28":{"start":{"line":56,"column":37},"end":{"line":56,"column":59}},"29":{"start":{"line":59,"column":4},"end":{"line":61,"column":null}},"30":{"start":{"line":60,"column":6},"end":{"line":60,"column":null}},"31":{"start":{"line":64,"column":4},"end":{"line":69,"column":null}},"32":{"start":{"line":65,"column":6},"end":{"line":68,"column":null}},"33":{"start":{"line":67,"column":8},"end":{"line":67,"column":null}},"34":{"start":{"line":71,"column":18},"end":{"line":71,"column":null}},"35":{"start":{"line":76,"column":22},"end":{"line":83,"column":null}},"36":{"start":{"line":77,"column":6},"end":{"line":82,"column":null}},"37":{"start":{"line":85,"column":26},"end":{"line":85,"column":null}},"38":{"start":{"line":86,"column":21},"end":{"line":86,"column":null}},"39":{"start":{"line":89,"column":24},"end":{"line":100,"column":null}},"40":{"start":{"line":90,"column":12},"end":{"line":90,"column":null}},"41":{"start":{"line":91,"column":6},"end":{"line":99,"column":null}},"42":{"start":{"line":103,"column":31},"end":{"line":182,"column":null}},"43":{"start":{"line":107,"column":23},"end":{"line":110,"column":null}},"44":{"start":{"line":107,"column":45},"end":{"line":110,"column":10}},"45":{"start":{"line":109,"column":43},"end":{"line":109,"column":63}},"46":{"start":{"line":112,"column":25},"end":{"line":112,"column":null}},"47":{"start":{"line":112,"column":59},"end":{"line":112,"column":70}},"48":{"start":{"line":113,"column":33},"end":{"line":115,"column":null}},"49":{"start":{"line":114,"column":35},"end":{"line":114,"column":71}},"50":{"start":{"line":116,"column":28},"end":{"line":116,"column":null}},"51":{"start":{"line":118,"column":10},"end":{"line":120,"column":null}},"52":{"start":{"line":122,"column":32},"end":{"line":133,"column":null}},"53":{"start":{"line":123,"column":24},"end":{"line":123,"column":null}},"54":{"start":{"line":124,"column":10},"end":{"line":131,"column":null}},"55":{"start":{"line":130,"column":12},"end":{"line":130,"column":null}},"56":{"start":{"line":132,"column":10},"end":{"line":132,"column":null}},"57":{"start":{"line":135,"column":37},"end":{"line":143,"column":null}},"58":{"start":{"line":136,"column":28},"end":{"line":138,"column":null}},"59":{"start":{"line":137,"column":21},"end":{"line":137,"column":null}},"60":{"start":{"line":139,"column":10},"end":{"line":142,"column":null}},"61":{"start":{"line":145,"column":28},"end":{"line":147,"column":null}},"62":{"start":{"line":146,"column":10},"end":{"line":146,"column":null}},"63":{"start":{"line":148,"column":25},"end":{"line":148,"column":null}},"64":{"start":{"line":148,"column":58},"end":{"line":148,"column":72}},"65":{"start":{"line":150,"column":8},"end":{"line":166,"column":null}},"66":{"start":{"line":151,"column":29},"end":{"line":153,"column":null}},"67":{"start":{"line":152,"column":12},"end":{"line":152,"column":null}},"68":{"start":{"line":154,"column":10},"end":{"line":165,"column":null}},"69":{"start":{"line":157,"column":54},"end":{"line":160,"column":14}},"70":{"start":{"line":159,"column":39},"end":{"line":159,"column":64}},"71":{"start":{"line":168,"column":8},"end":{"line":181,"column":null}},"72":{"start":{"line":171,"column":52},"end":{"line":174,"column":12}},"73":{"start":{"line":173,"column":37},"end":{"line":173,"column":62}},"74":{"start":{"line":187,"column":4},"end":{"line":676,"column":null}},"75":{"start":{"line":189,"column":8},"end":{"line":189,"column":null}},"76":{"start":{"line":189,"column":66},"end":{"line":189,"column":null}},"77":{"start":{"line":192,"column":30},"end":{"line":192,"column":null}},"78":{"start":{"line":193,"column":8},"end":{"line":193,"column":null}},"79":{"start":{"line":193,"column":43},"end":{"line":193,"column":null}},"80":{"start":{"line":196,"column":8},"end":{"line":196,"column":null}},"81":{"start":{"line":196,"column":50},"end":{"line":196,"column":null}},"82":{"start":{"line":199,"column":8},"end":{"line":199,"column":null}},"83":{"start":{"line":199,"column":99},"end":{"line":199,"column":null}},"84":{"start":{"line":201,"column":24},"end":{"line":201,"column":null}},"85":{"start":{"line":202,"column":28},"end":{"line":202,"column":null}},"86":{"start":{"line":203,"column":23},"end":{"line":203,"column":null}},"87":{"start":{"line":206,"column":8},"end":{"line":206,"column":null}},"88":{"start":{"line":206,"column":60},"end":{"line":206,"column":null}},"89":{"start":{"line":208,"column":24},"end":{"line":208,"column":null}},"90":{"start":{"line":209,"column":8},"end":{"line":213,"column":null}},"91":{"start":{"line":214,"column":8},"end":{"line":214,"column":null}},"92":{"start":{"line":216,"column":31},"end":{"line":216,"column":null}},"93":{"start":{"line":218,"column":8},"end":{"line":231,"column":null}},"94":{"start":{"line":220,"column":13},"end":{"line":224,"column":null}},"95":{"start":{"line":226,"column":12},"end":{"line":230,"column":null}},"96":{"start":{"line":232,"column":8},"end":{"line":232,"column":null}},"97":{"start":{"line":236,"column":10},"end":{"line":236,"column":null}},"98":{"start":{"line":236,"column":68},"end":{"line":236,"column":null}},"99":{"start":{"line":238,"column":30},"end":{"line":238,"column":null}},"100":{"start":{"line":239,"column":25},"end":{"line":239,"column":null}},"101":{"start":{"line":241,"column":10},"end":{"line":241,"column":null}},"102":{"start":{"line":241,"column":38},"end":{"line":241,"column":null}},"103":{"start":{"line":242,"column":10},"end":{"line":242,"column":null}},"104":{"start":{"line":242,"column":50},"end":{"line":242,"column":null}},"105":{"start":{"line":244,"column":16},"end":{"line":244,"column":null}},"106":{"start":{"line":247,"column":10},"end":{"line":269,"column":null}},"107":{"start":{"line":249,"column":37},"end":{"line":252,"column":null}},"108":{"start":{"line":249,"column":61},"end":{"line":252,"column":16}},"109":{"start":{"line":251,"column":41},"end":{"line":251,"column":67}},"110":{"start":{"line":254,"column":14},"end":{"line":262,"column":null}},"111":{"start":{"line":264,"column":14},"end":{"line":268,"column":null}},"112":{"start":{"line":270,"column":10},"end":{"line":270,"column":null}},"113":{"start":{"line":274,"column":8},"end":{"line":274,"column":null}},"114":{"start":{"line":274,"column":23},"end":{"line":274,"column":null}},"115":{"start":{"line":275,"column":8},"end":{"line":275,"column":null}},"116":{"start":{"line":275,"column":43},"end":{"line":275,"column":null}},"117":{"start":{"line":277,"column":23},"end":{"line":277,"column":null}},"118":{"start":{"line":278,"column":26},"end":{"line":278,"column":null}},"119":{"start":{"line":281,"column":8},"end":{"line":295,"column":null}},"120":{"start":{"line":282,"column":10},"end":{"line":294,"column":null}},"121":{"start":{"line":283,"column":31},"end":{"line":283,"column":null}},"122":{"start":{"line":284,"column":12},"end":{"line":284,"column":null}},"123":{"start":{"line":285,"column":12},"end":{"line":285,"column":null}},"124":{"start":{"line":287,"column":12},"end":{"line":290,"column":null}},"125":{"start":{"line":288,"column":14},"end":{"line":288,"column":null}},"126":{"start":{"line":289,"column":14},"end":{"line":289,"column":null}},"127":{"start":{"line":292,"column":12},"end":{"line":292,"column":null}},"128":{"start":{"line":293,"column":12},"end":{"line":293,"column":null}},"129":{"start":{"line":297,"column":26},"end":{"line":297,"column":null}},"130":{"start":{"line":299,"column":8},"end":{"line":315,"column":null}},"131":{"start":{"line":316,"column":8},"end":{"line":316,"column":null}},"132":{"start":{"line":320,"column":8},"end":{"line":320,"column":null}},"133":{"start":{"line":320,"column":23},"end":{"line":320,"column":null}},"134":{"start":{"line":321,"column":8},"end":{"line":321,"column":null}},"135":{"start":{"line":321,"column":43},"end":{"line":321,"column":null}},"136":{"start":{"line":322,"column":8},"end":{"line":322,"column":null}},"137":{"start":{"line":322,"column":44},"end":{"line":322,"column":null}},"138":{"start":{"line":324,"column":28},"end":{"line":324,"column":null}},"139":{"start":{"line":325,"column":26},"end":{"line":325,"column":null}},"140":{"start":{"line":327,"column":8},"end":{"line":340,"column":null}},"141":{"start":{"line":341,"column":8},"end":{"line":341,"column":null}},"142":{"start":{"line":345,"column":8},"end":{"line":345,"column":null}},"143":{"start":{"line":345,"column":23},"end":{"line":345,"column":null}},"144":{"start":{"line":346,"column":8},"end":{"line":346,"column":null}},"145":{"start":{"line":346,"column":48},"end":{"line":346,"column":null}},"146":{"start":{"line":347,"column":8},"end":{"line":347,"column":null}},"147":{"start":{"line":347,"column":51},"end":{"line":347,"column":null}},"148":{"start":{"line":348,"column":8},"end":{"line":348,"column":null}},"149":{"start":{"line":348,"column":76},"end":{"line":348,"column":null}},"150":{"start":{"line":350,"column":28},"end":{"line":350,"column":null}},"151":{"start":{"line":352,"column":8},"end":{"line":362,"column":null}},"152":{"start":{"line":363,"column":8},"end":{"line":363,"column":null}},"153":{"start":{"line":367,"column":8},"end":{"line":367,"column":null}},"154":{"start":{"line":367,"column":23},"end":{"line":367,"column":null}},"155":{"start":{"line":368,"column":8},"end":{"line":368,"column":null}},"156":{"start":{"line":368,"column":48},"end":{"line":368,"column":null}},"157":{"start":{"line":369,"column":8},"end":{"line":369,"column":null}},"158":{"start":{"line":369,"column":30},"end":{"line":369,"column":null}},"159":{"start":{"line":372,"column":8},"end":{"line":372,"column":null}},"160":{"start":{"line":372,"column":99},"end":{"line":372,"column":null}},"161":{"start":{"line":374,"column":24},"end":{"line":374,"column":null}},"162":{"start":{"line":375,"column":24},"end":{"line":375,"column":null}},"163":{"start":{"line":376,"column":21},"end":{"line":376,"column":null}},"164":{"start":{"line":378,"column":29},"end":{"line":378,"column":null}},"165":{"start":{"line":380,"column":8},"end":{"line":384,"column":null}},"166":{"start":{"line":385,"column":8},"end":{"line":385,"column":null}},"167":{"start":{"line":386,"column":8},"end":{"line":386,"column":null}},"168":{"start":{"line":388,"column":28},"end":{"line":388,"column":null}},"169":{"start":{"line":390,"column":8},"end":{"line":402,"column":null}},"170":{"start":{"line":403,"column":8},"end":{"line":403,"column":null}},"171":{"start":{"line":407,"column":10},"end":{"line":407,"column":null}},"172":{"start":{"line":407,"column":25},"end":{"line":407,"column":null}},"173":{"start":{"line":408,"column":10},"end":{"line":408,"column":null}},"174":{"start":{"line":408,"column":50},"end":{"line":408,"column":null}},"175":{"start":{"line":409,"column":10},"end":{"line":409,"column":null}},"176":{"start":{"line":409,"column":43},"end":{"line":409,"column":null}},"177":{"start":{"line":410,"column":10},"end":{"line":410,"column":null}},"178":{"start":{"line":410,"column":75},"end":{"line":410,"column":null}},"179":{"start":{"line":412,"column":32},"end":{"line":412,"column":null}},"180":{"start":{"line":414,"column":10},"end":{"line":450,"column":null}},"181":{"start":{"line":416,"column":34},"end":{"line":416,"column":null}},"182":{"start":{"line":417,"column":31},"end":{"line":417,"column":null}},"183":{"start":{"line":420,"column":31},"end":{"line":420,"column":null}},"184":{"start":{"line":421,"column":40},"end":{"line":421,"column":null}},"185":{"start":{"line":422,"column":14},"end":{"line":424,"column":null}},"186":{"start":{"line":422,"column":27},"end":{"line":422,"column":30}},"187":{"start":{"line":423,"column":18},"end":{"line":423,"column":null}},"188":{"start":{"line":423,"column":43},"end":{"line":423,"column":null}},"189":{"start":{"line":428,"column":14},"end":{"line":434,"column":null}},"190":{"start":{"line":435,"column":10},"end":{"line":450,"column":null}},"191":{"start":{"line":437,"column":14},"end":{"line":442,"column":null}},"192":{"start":{"line":443,"column":10},"end":{"line":450,"column":null}},"193":{"start":{"line":444,"column":14},"end":{"line":449,"column":null}},"194":{"start":{"line":451,"column":10},"end":{"line":451,"column":null}},"195":{"start":{"line":455,"column":10},"end":{"line":455,"column":null}},"196":{"start":{"line":455,"column":25},"end":{"line":455,"column":null}},"197":{"start":{"line":456,"column":10},"end":{"line":456,"column":null}},"198":{"start":{"line":456,"column":51},"end":{"line":456,"column":null}},"199":{"start":{"line":459,"column":31},"end":{"line":459,"column":null}},"200":{"start":{"line":459,"column":55},"end":{"line":459,"column":87}},"201":{"start":{"line":460,"column":10},"end":{"line":460,"column":null}},"202":{"start":{"line":460,"column":29},"end":{"line":460,"column":null}},"203":{"start":{"line":463,"column":10},"end":{"line":463,"column":null}},"204":{"start":{"line":463,"column":100},"end":{"line":463,"column":null}},"205":{"start":{"line":465,"column":29},"end":{"line":465,"column":null}},"206":{"start":{"line":467,"column":26},"end":{"line":475,"column":null}},"207":{"start":{"line":468,"column":14},"end":{"line":468,"column":null}},"208":{"start":{"line":468,"column":52},"end":{"line":468,"column":null}},"209":{"start":{"line":469,"column":27},"end":{"line":473,"column":null}},"210":{"start":{"line":470,"column":16},"end":{"line":472,"column":null}},"211":{"start":{"line":474,"column":14},"end":{"line":474,"column":null}},"212":{"start":{"line":477,"column":10},"end":{"line":477,"column":null}},"213":{"start":{"line":477,"column":32},"end":{"line":477,"column":null}},"214":{"start":{"line":478,"column":30},"end":{"line":478,"column":null}},"215":{"start":{"line":480,"column":10},"end":{"line":492,"column":null}},"216":{"start":{"line":494,"column":10},"end":{"line":494,"column":null}},"217":{"start":{"line":495,"column":10},"end":{"line":495,"column":null}},"218":{"start":{"line":499,"column":10},"end":{"line":499,"column":null}},"219":{"start":{"line":499,"column":25},"end":{"line":499,"column":null}},"220":{"start":{"line":500,"column":10},"end":{"line":500,"column":null}},"221":{"start":{"line":500,"column":108},"end":{"line":500,"column":null}},"222":{"start":{"line":503,"column":31},"end":{"line":503,"column":null}},"223":{"start":{"line":503,"column":55},"end":{"line":503,"column":87}},"224":{"start":{"line":504,"column":10},"end":{"line":504,"column":null}},"225":{"start":{"line":504,"column":29},"end":{"line":504,"column":null}},"226":{"start":{"line":505,"column":10},"end":{"line":505,"column":null}},"227":{"start":{"line":505,"column":100},"end":{"line":505,"column":null}},"228":{"start":{"line":507,"column":10},"end":{"line":567,"column":null}},"229":{"start":{"line":508,"column":14},"end":{"line":513,"column":null}},"230":{"start":{"line":516,"column":28},"end":{"line":516,"column":null}},"231":{"start":{"line":517,"column":30},"end":{"line":517,"column":null}},"232":{"start":{"line":519,"column":35},"end":{"line":519,"column":null}},"233":{"start":{"line":519,"column":58},"end":{"line":519,"column":81}},"234":{"start":{"line":520,"column":35},"end":{"line":520,"column":null}},"235":{"start":{"line":520,"column":58},"end":{"line":520,"column":90}},"236":{"start":{"line":522,"column":30},"end":{"line":522,"column":null}},"237":{"start":{"line":523,"column":30},"end":{"line":523,"column":null}},"238":{"start":{"line":525,"column":28},"end":{"line":525,"column":null}},"239":{"start":{"line":526,"column":28},"end":{"line":526,"column":null}},"240":{"start":{"line":529,"column":31},"end":{"line":529,"column":null}},"241":{"start":{"line":530,"column":14},"end":{"line":530,"column":null}},"242":{"start":{"line":532,"column":31},"end":{"line":532,"column":null}},"243":{"start":{"line":533,"column":14},"end":{"line":533,"column":null}},"244":{"start":{"line":536,"column":14},"end":{"line":545,"column":null}},"245":{"start":{"line":537,"column":18},"end":{"line":537,"column":null}},"246":{"start":{"line":539,"column":31},"end":{"line":539,"column":null}},"247":{"start":{"line":540,"column":18},"end":{"line":540,"column":null}},"248":{"start":{"line":541,"column":18},"end":{"line":541,"column":null}},"249":{"start":{"line":543,"column":18},"end":{"line":543,"column":null}},"250":{"start":{"line":544,"column":18},"end":{"line":544,"column":null}},"251":{"start":{"line":547,"column":14},"end":{"line":547,"column":null}},"252":{"start":{"line":547,"column":36},"end":{"line":547,"column":null}},"253":{"start":{"line":548,"column":34},"end":{"line":548,"column":null}},"254":{"start":{"line":550,"column":14},"end":{"line":566,"column":null}},"255":{"start":{"line":568,"column":10},"end":{"line":568,"column":null}},"256":{"start":{"line":572,"column":10},"end":{"line":572,"column":null}},"257":{"start":{"line":572,"column":25},"end":{"line":572,"column":null}},"258":{"start":{"line":573,"column":10},"end":{"line":573,"column":null}},"259":{"start":{"line":573,"column":51},"end":{"line":573,"column":null}},"260":{"start":{"line":574,"column":10},"end":{"line":574,"column":null}},"261":{"start":{"line":574,"column":32},"end":{"line":574,"column":null}},"262":{"start":{"line":577,"column":29},"end":{"line":577,"column":null}},"263":{"start":{"line":578,"column":27},"end":{"line":578,"column":null}},"264":{"start":{"line":578,"column":53},"end":{"line":578,"column":72}},"265":{"start":{"line":579,"column":32},"end":{"line":579,"column":null}},"266":{"start":{"line":579,"column":60},"end":{"line":579,"column":79}},"267":{"start":{"line":581,"column":10},"end":{"line":581,"column":null}},"268":{"start":{"line":581,"column":25},"end":{"line":581,"column":null}},"269":{"start":{"line":584,"column":30},"end":{"line":584,"column":null}},"270":{"start":{"line":587,"column":10},"end":{"line":595,"column":null}},"271":{"start":{"line":596,"column":10},"end":{"line":596,"column":null}},"272":{"start":{"line":600,"column":10},"end":{"line":600,"column":null}},"273":{"start":{"line":600,"column":25},"end":{"line":600,"column":null}},"274":{"start":{"line":601,"column":10},"end":{"line":601,"column":null}},"275":{"start":{"line":601,"column":45},"end":{"line":601,"column":null}},"276":{"start":{"line":603,"column":10},"end":{"line":603,"column":null}},"277":{"start":{"line":604,"column":10},"end":{"line":604,"column":null}},"278":{"start":{"line":609,"column":10},"end":{"line":609,"column":null}},"279":{"start":{"line":609,"column":78},"end":{"line":609,"column":null}},"280":{"start":{"line":611,"column":23},"end":{"line":611,"column":null}},"281":{"start":{"line":613,"column":31},"end":{"line":613,"column":null}},"282":{"start":{"line":616,"column":10},"end":{"line":633,"column":null}},"283":{"start":{"line":617,"column":34},"end":{"line":620,"column":null}},"284":{"start":{"line":619,"column":49},"end":{"line":619,"column":71}},"285":{"start":{"line":622,"column":14},"end":{"line":622,"column":null}},"286":{"start":{"line":622,"column":42},"end":{"line":622,"column":null}},"287":{"start":{"line":625,"column":14},"end":{"line":625,"column":null}},"288":{"start":{"line":625,"column":35},"end":{"line":625,"column":70}},"289":{"start":{"line":627,"column":14},"end":{"line":632,"column":null}},"290":{"start":{"line":627,"column":53},"end":{"line":632,"column":16}},"291":{"start":{"line":636,"column":32},"end":{"line":636,"column":null}},"292":{"start":{"line":637,"column":10},"end":{"line":639,"column":null}},"293":{"start":{"line":638,"column":14},"end":{"line":638,"column":null}},"294":{"start":{"line":642,"column":26},"end":{"line":645,"column":null}},"295":{"start":{"line":642,"column":51},"end":{"line":645,"column":12}},"296":{"start":{"line":647,"column":10},"end":{"line":652,"column":null}},"297":{"start":{"line":647,"column":23},"end":{"line":647,"column":26}},"298":{"start":{"line":648,"column":14},"end":{"line":651,"column":null}},"299":{"start":{"line":649,"column":31},"end":{"line":649,"column":null}},"300":{"start":{"line":650,"column":18},"end":{"line":650,"column":null}},"301":{"start":{"line":650,"column":28},"end":{"line":650,"column":null}},"302":{"start":{"line":654,"column":30},"end":{"line":654,"column":null}},"303":{"start":{"line":656,"column":10},"end":{"line":673,"column":null}},"304":{"start":{"line":674,"column":10},"end":{"line":674,"column":null}}},"fnMap":{"0":{"name":"(anonymous_0)","decl":{"start":{"line":7,"column":18},"end":{"line":7,"column":32}},"loc":{"start":{"line":7,"column":32},"end":{"line":28,"column":null}},"line":7},"1":{"name":"(anonymous_1)","decl":{"start":{"line":16,"column":21},"end":{"line":16,"column":null}},"loc":{"start":{"line":19,"column":7},"end":{"line":23,"column":null}},"line":19},"2":{"name":"(anonymous_2)","decl":{"start":{"line":30,"column":16},"end":{"line":30,"column":17}},"loc":{"start":{"line":30,"column":34},"end":{"line":37,"column":null}},"line":30},"3":{"name":"(anonymous_3)","decl":{"start":{"line":50,"column":11},"end":{"line":50,"column":18}},"loc":{"start":{"line":50,"column":32},"end":{"line":677,"column":null}},"line":50},"4":{"name":"(anonymous_4)","decl":{"start":{"line":56,"column":30},"end":{"line":56,"column":31}},"loc":{"start":{"line":56,"column":37},"end":{"line":56,"column":59}},"line":56},"5":{"name":"(anonymous_5)","decl":{"start":{"line":76,"column":22},"end":{"line":76,"column":29}},"loc":{"start":{"line":76,"column":53},"end":{"line":83,"column":null}},"line":76},"6":{"name":"(anonymous_6)","decl":{"start":{"line":89,"column":24},"end":{"line":89,"column":25}},"loc":{"start":{"line":89,"column":53},"end":{"line":100,"column":null}},"line":89},"7":{"name":"(anonymous_7)","decl":{"start":{"line":103,"column":31},"end":{"line":103,"column":null}},"loc":{"start":{"line":106,"column":22},"end":{"line":182,"column":null}},"line":106},"8":{"name":"(anonymous_8)","decl":{"start":{"line":107,"column":37},"end":{"line":107,"column":38}},"loc":{"start":{"line":107,"column":45},"end":{"line":110,"column":10}},"line":107},"9":{"name":"(anonymous_9)","decl":{"start":{"line":109,"column":31},"end":{"line":109,"column":32}},"loc":{"start":{"line":109,"column":43},"end":{"line":109,"column":63}},"line":109},"10":{"name":"(anonymous_10)","decl":{"start":{"line":112,"column":48},"end":{"line":112,"column":49}},"loc":{"start":{"line":112,"column":59},"end":{"line":112,"column":70}},"line":112},"11":{"name":"(anonymous_11)","decl":{"start":{"line":114,"column":24},"end":{"line":114,"column":25}},"loc":{"start":{"line":114,"column":35},"end":{"line":114,"column":71}},"line":114},"12":{"name":"(anonymous_12)","decl":{"start":{"line":122,"column":43},"end":{"line":122,"column":44}},"loc":{"start":{"line":122,"column":54},"end":{"line":133,"column":9}},"line":122},"13":{"name":"(anonymous_13)","decl":{"start":{"line":135,"column":51},"end":{"line":135,"column":52}},"loc":{"start":{"line":135,"column":58},"end":{"line":143,"column":9}},"line":135},"14":{"name":"(anonymous_14)","decl":{"start":{"line":137,"column":12},"end":{"line":137,"column":13}},"loc":{"start":{"line":137,"column":21},"end":{"line":137,"column":null}},"line":137},"15":{"name":"(anonymous_15)","decl":{"start":{"line":145,"column":42},"end":{"line":145,"column":43}},"loc":{"start":{"line":146,"column":10},"end":{"line":146,"column":null}},"line":146},"16":{"name":"(anonymous_16)","decl":{"start":{"line":148,"column":51},"end":{"line":148,"column":52}},"loc":{"start":{"line":148,"column":58},"end":{"line":148,"column":72}},"line":148},"17":{"name":"(anonymous_17)","decl":{"start":{"line":151,"column":57},"end":{"line":151,"column":58}},"loc":{"start":{"line":152,"column":12},"end":{"line":152,"column":null}},"line":152},"18":{"name":"(anonymous_18)","decl":{"start":{"line":157,"column":46},"end":{"line":157,"column":47}},"loc":{"start":{"line":157,"column":54},"end":{"line":160,"column":14}},"line":157},"19":{"name":"(anonymous_19)","decl":{"start":{"line":159,"column":31},"end":{"line":159,"column":32}},"loc":{"start":{"line":159,"column":39},"end":{"line":159,"column":64}},"line":159},"20":{"name":"(anonymous_20)","decl":{"start":{"line":171,"column":44},"end":{"line":171,"column":45}},"loc":{"start":{"line":171,"column":52},"end":{"line":174,"column":12}},"line":171},"21":{"name":"(anonymous_21)","decl":{"start":{"line":173,"column":29},"end":{"line":173,"column":30}},"loc":{"start":{"line":173,"column":37},"end":{"line":173,"column":62}},"line":173},"22":{"name":"(anonymous_22)","decl":{"start":{"line":249,"column":55},"end":{"line":249,"column":61}},"loc":{"start":{"line":249,"column":61},"end":{"line":252,"column":16}},"line":249},"23":{"name":"(anonymous_23)","decl":{"start":{"line":251,"column":35},"end":{"line":251,"column":41}},"loc":{"start":{"line":251,"column":41},"end":{"line":251,"column":67}},"line":251},"24":{"name":"(anonymous_24)","decl":{"start":{"line":459,"column":50},"end":{"line":459,"column":55}},"loc":{"start":{"line":459,"column":55},"end":{"line":459,"column":87}},"line":459},"25":{"name":"(anonymous_25)","decl":{"start":{"line":467,"column":44},"end":{"line":467,"column":45}},"loc":{"start":{"line":467,"column":51},"end":{"line":475,"column":11}},"line":467},"26":{"name":"(anonymous_26)","decl":{"start":{"line":469,"column":38},"end":{"line":469,"column":39}},"loc":{"start":{"line":470,"column":16},"end":{"line":472,"column":null}},"line":470},"27":{"name":"(anonymous_27)","decl":{"start":{"line":503,"column":50},"end":{"line":503,"column":55}},"loc":{"start":{"line":503,"column":55},"end":{"line":503,"column":87}},"line":503},"28":{"name":"(anonymous_28)","decl":{"start":{"line":519,"column":53},"end":{"line":519,"column":58}},"loc":{"start":{"line":519,"column":58},"end":{"line":519,"column":81}},"line":519},"29":{"name":"(anonymous_29)","decl":{"start":{"line":520,"column":53},"end":{"line":520,"column":58}},"loc":{"start":{"line":520,"column":58},"end":{"line":520,"column":90}},"line":520},"30":{"name":"(anonymous_30)","decl":{"start":{"line":578,"column":48},"end":{"line":578,"column":53}},"loc":{"start":{"line":578,"column":53},"end":{"line":578,"column":72}},"line":578},"31":{"name":"(anonymous_31)","decl":{"start":{"line":579,"column":55},"end":{"line":579,"column":60}},"loc":{"start":{"line":579,"column":60},"end":{"line":579,"column":79}},"line":579},"32":{"name":"(anonymous_32)","decl":{"start":{"line":619,"column":42},"end":{"line":619,"column":43}},"loc":{"start":{"line":619,"column":49},"end":{"line":619,"column":71}},"line":619},"33":{"name":"(anonymous_33)","decl":{"start":{"line":625,"column":31},"end":{"line":625,"column":32}},"loc":{"start":{"line":625,"column":35},"end":{"line":625,"column":70}},"line":625},"34":{"name":"(anonymous_34)","decl":{"start":{"line":627,"column":47},"end":{"line":627,"column":53}},"loc":{"start":{"line":627,"column":53},"end":{"line":632,"column":16}},"line":627},"35":{"name":"(anonymous_35)","decl":{"start":{"line":642,"column":45},"end":{"line":642,"column":51}},"loc":{"start":{"line":642,"column":51},"end":{"line":645,"column":12}},"line":642}},"branchMap":{"0":{"loc":{"start":{"line":11,"column":18},"end":{"line":11,"column":null}},"type":"cond-expr","locations":[{"start":{"line":11,"column":28},"end":{"line":11,"column":32}},{"start":{"line":11,"column":32},"end":{"line":11,"column":null}}],"line":11},"1":{"loc":{"start":{"line":59,"column":4},"end":{"line":61,"column":null}},"type":"if","locations":[{"start":{"line":59,"column":4},"end":{"line":61,"column":null}},{"start":{},"end":{}}],"line":59},"2":{"loc":{"start":{"line":64,"column":4},"end":{"line":69,"column":null}},"type":"if","locations":[{"start":{"line":64,"column":4},"end":{"line":69,"column":null}},{"start":{},"end":{}}],"line":64},"3":{"loc":{"start":{"line":65,"column":6},"end":{"line":68,"column":null}},"type":"if","locations":[{"start":{"line":65,"column":6},"end":{"line":68,"column":null}},{"start":{},"end":{}}],"line":65},"4":{"loc":{"start":{"line":80,"column":18},"end":{"line":80,"column":45}},"type":"binary-expr","locations":[{"start":{"line":80,"column":18},"end":{"line":80,"column":40}},{"start":{"line":80,"column":40},"end":{"line":80,"column":45}}],"line":80},"5":{"loc":{"start":{"line":81,"column":12},"end":{"line":81,"column":null}},"type":"binary-expr","locations":[{"start":{"line":81,"column":12},"end":{"line":81,"column":30}},{"start":{"line":81,"column":30},"end":{"line":81,"column":null}}],"line":81},"6":{"loc":{"start":{"line":113,"column":33},"end":{"line":115,"column":null}},"type":"cond-expr","locations":[{"start":{"line":114,"column":12},"end":{"line":114,"column":null}},{"start":{"line":115,"column":12},"end":{"line":115,"column":null}}],"line":113},"7":{"loc":{"start":{"line":118,"column":10},"end":{"line":120,"column":null}},"type":"binary-expr","locations":[{"start":{"line":118,"column":10},"end":{"line":118,"column":null}},{"start":{"line":119,"column":10},"end":{"line":119,"column":null}},{"start":{"line":120,"column":10},"end":{"line":120,"column":null}}],"line":118},"8":{"loc":{"start":{"line":124,"column":10},"end":{"line":131,"column":null}},"type":"if","locations":[{"start":{"line":124,"column":10},"end":{"line":131,"column":null}},{"start":{},"end":{}}],"line":124},"9":{"loc":{"start":{"line":125,"column":12},"end":{"line":128,"column":null}},"type":"binary-expr","locations":[{"start":{"line":125,"column":12},"end":{"line":125,"column":null}},{"start":{"line":126,"column":12},"end":{"line":126,"column":null}},{"start":{"line":127,"column":12},"end":{"line":127,"column":null}},{"start":{"line":128,"column":12},"end":{"line":128,"column":null}}],"line":125},"10":{"loc":{"start":{"line":146,"column":10},"end":{"line":146,"column":null}},"type":"cond-expr","locations":[{"start":{"line":146,"column":36},"end":{"line":146,"column":43}},{"start":{"line":146,"column":43},"end":{"line":146,"column":null}}],"line":146},"11":{"loc":{"start":{"line":150,"column":8},"end":{"line":166,"column":null}},"type":"if","locations":[{"start":{"line":150,"column":8},"end":{"line":166,"column":null}},{"start":{},"end":{}}],"line":150},"12":{"loc":{"start":{"line":152,"column":12},"end":{"line":152,"column":null}},"type":"cond-expr","locations":[{"start":{"line":152,"column":38},"end":{"line":152,"column":45}},{"start":{"line":152,"column":45},"end":{"line":152,"column":null}}],"line":152},"13":{"loc":{"start":{"line":156,"column":26},"end":{"line":156,"column":null}},"type":"binary-expr","locations":[{"start":{"line":156,"column":26},"end":{"line":156,"column":46}},{"start":{"line":156,"column":46},"end":{"line":156,"column":null}}],"line":156},"14":{"loc":{"start":{"line":170,"column":24},"end":{"line":170,"column":null}},"type":"binary-expr","locations":[{"start":{"line":170,"column":24},"end":{"line":170,"column":44}},{"start":{"line":170,"column":44},"end":{"line":170,"column":null}}],"line":170},"15":{"loc":{"start":{"line":178,"column":25},"end":{"line":180,"column":null}},"type":"cond-expr","locations":[{"start":{"line":179,"column":14},"end":{"line":179,"column":null}},{"start":{"line":180,"column":14},"end":{"line":180,"column":null}}],"line":178},"16":{"loc":{"start":{"line":187,"column":4},"end":{"line":676,"column":null}},"type":"switch","locations":[{"start":{"line":188,"column":6},"end":{"line":233,"column":null}},{"start":{"line":235,"column":6},"end":{"line":271,"column":null}},{"start":{"line":273,"column":6},"end":{"line":317,"column":null}},{"start":{"line":319,"column":6},"end":{"line":342,"column":null}},{"start":{"line":344,"column":6},"end":{"line":364,"column":null}},{"start":{"line":366,"column":6},"end":{"line":404,"column":null}},{"start":{"line":406,"column":6},"end":{"line":452,"column":null}},{"start":{"line":454,"column":6},"end":{"line":496,"column":null}},{"start":{"line":498,"column":6},"end":{"line":569,"column":null}},{"start":{"line":571,"column":6},"end":{"line":597,"column":null}},{"start":{"line":599,"column":6},"end":{"line":605,"column":null}},{"start":{"line":607,"column":6},"end":{"line":675,"column":null}}],"line":187},"17":{"loc":{"start":{"line":189,"column":8},"end":{"line":189,"column":null}},"type":"if","locations":[{"start":{"line":189,"column":8},"end":{"line":189,"column":null}},{"start":{},"end":{}}],"line":189},"18":{"loc":{"start":{"line":189,"column":12},"end":{"line":189,"column":66}},"type":"binary-expr","locations":[{"start":{"line":189,"column":12},"end":{"line":189,"column":45}},{"start":{"line":189,"column":45},"end":{"line":189,"column":66}}],"line":189},"19":{"loc":{"start":{"line":193,"column":8},"end":{"line":193,"column":null}},"type":"if","locations":[{"start":{"line":193,"column":8},"end":{"line":193,"column":null}},{"start":{},"end":{}}],"line":193},"20":{"loc":{"start":{"line":196,"column":8},"end":{"line":196,"column":null}},"type":"if","locations":[{"start":{"line":196,"column":8},"end":{"line":196,"column":null}},{"start":{},"end":{}}],"line":196},"21":{"loc":{"start":{"line":199,"column":8},"end":{"line":199,"column":null}},"type":"if","locations":[{"start":{"line":199,"column":8},"end":{"line":199,"column":null}},{"start":{},"end":{}}],"line":199},"22":{"loc":{"start":{"line":199,"column":12},"end":{"line":199,"column":99}},"type":"binary-expr","locations":[{"start":{"line":199,"column":12},"end":{"line":199,"column":44}},{"start":{"line":199,"column":44},"end":{"line":199,"column":99}}],"line":199},"23":{"loc":{"start":{"line":206,"column":8},"end":{"line":206,"column":null}},"type":"if","locations":[{"start":{"line":206,"column":8},"end":{"line":206,"column":null}},{"start":{},"end":{}}],"line":206},"24":{"loc":{"start":{"line":218,"column":8},"end":{"line":231,"column":null}},"type":"if","locations":[{"start":{"line":218,"column":8},"end":{"line":231,"column":null}},{"start":{"line":225,"column":15},"end":{"line":231,"column":null}}],"line":218},"25":{"loc":{"start":{"line":236,"column":10},"end":{"line":236,"column":null}},"type":"if","locations":[{"start":{"line":236,"column":10},"end":{"line":236,"column":null}},{"start":{},"end":{}}],"line":236},"26":{"loc":{"start":{"line":236,"column":14},"end":{"line":236,"column":68}},"type":"binary-expr","locations":[{"start":{"line":236,"column":14},"end":{"line":236,"column":47}},{"start":{"line":236,"column":47},"end":{"line":236,"column":68}}],"line":236},"27":{"loc":{"start":{"line":241,"column":10},"end":{"line":241,"column":null}},"type":"if","locations":[{"start":{"line":241,"column":10},"end":{"line":241,"column":null}},{"start":{},"end":{}}],"line":241},"28":{"loc":{"start":{"line":242,"column":10},"end":{"line":242,"column":null}},"type":"if","locations":[{"start":{"line":242,"column":10},"end":{"line":242,"column":null}},{"start":{},"end":{}}],"line":242},"29":{"loc":{"start":{"line":247,"column":10},"end":{"line":269,"column":null}},"type":"if","locations":[{"start":{"line":247,"column":10},"end":{"line":269,"column":null}},{"start":{"line":263,"column":17},"end":{"line":269,"column":null}}],"line":247},"30":{"loc":{"start":{"line":274,"column":8},"end":{"line":274,"column":null}},"type":"if","locations":[{"start":{"line":274,"column":8},"end":{"line":274,"column":null}},{"start":{},"end":{}}],"line":274},"31":{"loc":{"start":{"line":275,"column":8},"end":{"line":275,"column":null}},"type":"if","locations":[{"start":{"line":275,"column":8},"end":{"line":275,"column":null}},{"start":{},"end":{}}],"line":275},"32":{"loc":{"start":{"line":281,"column":8},"end":{"line":295,"column":null}},"type":"if","locations":[{"start":{"line":281,"column":8},"end":{"line":295,"column":null}},{"start":{},"end":{}}],"line":281},"33":{"loc":{"start":{"line":282,"column":10},"end":{"line":294,"column":null}},"type":"if","locations":[{"start":{"line":282,"column":10},"end":{"line":294,"column":null}},{"start":{"line":291,"column":17},"end":{"line":294,"column":null}}],"line":282},"34":{"loc":{"start":{"line":287,"column":12},"end":{"line":290,"column":null}},"type":"if","locations":[{"start":{"line":287,"column":12},"end":{"line":290,"column":null}},{"start":{},"end":{}}],"line":287},"35":{"loc":{"start":{"line":306,"column":27},"end":{"line":308,"column":null}},"type":"cond-expr","locations":[{"start":{"line":307,"column":18},"end":{"line":307,"column":null}},{"start":{"line":308,"column":18},"end":{"line":308,"column":null}}],"line":306},"36":{"loc":{"start":{"line":320,"column":8},"end":{"line":320,"column":null}},"type":"if","locations":[{"start":{"line":320,"column":8},"end":{"line":320,"column":null}},{"start":{},"end":{}}],"line":320},"37":{"loc":{"start":{"line":321,"column":8},"end":{"line":321,"column":null}},"type":"if","locations":[{"start":{"line":321,"column":8},"end":{"line":321,"column":null}},{"start":{},"end":{}}],"line":321},"38":{"loc":{"start":{"line":322,"column":8},"end":{"line":322,"column":null}},"type":"if","locations":[{"start":{"line":322,"column":8},"end":{"line":322,"column":null}},{"start":{},"end":{}}],"line":322},"39":{"loc":{"start":{"line":345,"column":8},"end":{"line":345,"column":null}},"type":"if","locations":[{"start":{"line":345,"column":8},"end":{"line":345,"column":null}},{"start":{},"end":{}}],"line":345},"40":{"loc":{"start":{"line":346,"column":8},"end":{"line":346,"column":null}},"type":"if","locations":[{"start":{"line":346,"column":8},"end":{"line":346,"column":null}},{"start":{},"end":{}}],"line":346},"41":{"loc":{"start":{"line":347,"column":8},"end":{"line":347,"column":null}},"type":"if","locations":[{"start":{"line":347,"column":8},"end":{"line":347,"column":null}},{"start":{},"end":{}}],"line":347},"42":{"loc":{"start":{"line":347,"column":12},"end":{"line":347,"column":51}},"type":"binary-expr","locations":[{"start":{"line":347,"column":12},"end":{"line":347,"column":32}},{"start":{"line":347,"column":32},"end":{"line":347,"column":51}}],"line":347},"43":{"loc":{"start":{"line":348,"column":8},"end":{"line":348,"column":null}},"type":"if","locations":[{"start":{"line":348,"column":8},"end":{"line":348,"column":null}},{"start":{},"end":{}}],"line":348},"44":{"loc":{"start":{"line":348,"column":12},"end":{"line":348,"column":76}},"type":"binary-expr","locations":[{"start":{"line":348,"column":12},"end":{"line":348,"column":46}},{"start":{"line":348,"column":46},"end":{"line":348,"column":76}}],"line":348},"45":{"loc":{"start":{"line":367,"column":8},"end":{"line":367,"column":null}},"type":"if","locations":[{"start":{"line":367,"column":8},"end":{"line":367,"column":null}},{"start":{},"end":{}}],"line":367},"46":{"loc":{"start":{"line":368,"column":8},"end":{"line":368,"column":null}},"type":"if","locations":[{"start":{"line":368,"column":8},"end":{"line":368,"column":null}},{"start":{},"end":{}}],"line":368},"47":{"loc":{"start":{"line":369,"column":8},"end":{"line":369,"column":null}},"type":"if","locations":[{"start":{"line":369,"column":8},"end":{"line":369,"column":null}},{"start":{},"end":{}}],"line":369},"48":{"loc":{"start":{"line":372,"column":8},"end":{"line":372,"column":null}},"type":"if","locations":[{"start":{"line":372,"column":8},"end":{"line":372,"column":null}},{"start":{},"end":{}}],"line":372},"49":{"loc":{"start":{"line":372,"column":12},"end":{"line":372,"column":99}},"type":"binary-expr","locations":[{"start":{"line":372,"column":12},"end":{"line":372,"column":44}},{"start":{"line":372,"column":44},"end":{"line":372,"column":99}}],"line":372},"50":{"loc":{"start":{"line":407,"column":10},"end":{"line":407,"column":null}},"type":"if","locations":[{"start":{"line":407,"column":10},"end":{"line":407,"column":null}},{"start":{},"end":{}}],"line":407},"51":{"loc":{"start":{"line":408,"column":10},"end":{"line":408,"column":null}},"type":"if","locations":[{"start":{"line":408,"column":10},"end":{"line":408,"column":null}},{"start":{},"end":{}}],"line":408},"52":{"loc":{"start":{"line":409,"column":10},"end":{"line":409,"column":null}},"type":"if","locations":[{"start":{"line":409,"column":10},"end":{"line":409,"column":null}},{"start":{},"end":{}}],"line":409},"53":{"loc":{"start":{"line":410,"column":10},"end":{"line":410,"column":null}},"type":"if","locations":[{"start":{"line":410,"column":10},"end":{"line":410,"column":null}},{"start":{},"end":{}}],"line":410},"54":{"loc":{"start":{"line":410,"column":14},"end":{"line":410,"column":75}},"type":"binary-expr","locations":[{"start":{"line":410,"column":14},"end":{"line":410,"column":45}},{"start":{"line":410,"column":45},"end":{"line":410,"column":75}}],"line":410},"55":{"loc":{"start":{"line":414,"column":10},"end":{"line":450,"column":null}},"type":"if","locations":[{"start":{"line":414,"column":10},"end":{"line":450,"column":null}},{"start":{"line":435,"column":10},"end":{"line":450,"column":null}}],"line":414},"56":{"loc":{"start":{"line":423,"column":18},"end":{"line":423,"column":null}},"type":"if","locations":[{"start":{"line":423,"column":18},"end":{"line":423,"column":null}},{"start":{},"end":{}}],"line":423},"57":{"loc":{"start":{"line":435,"column":10},"end":{"line":450,"column":null}},"type":"if","locations":[{"start":{"line":435,"column":10},"end":{"line":450,"column":null}},{"start":{"line":443,"column":10},"end":{"line":450,"column":null}}],"line":435},"58":{"loc":{"start":{"line":443,"column":10},"end":{"line":450,"column":null}},"type":"if","locations":[{"start":{"line":443,"column":10},"end":{"line":450,"column":null}},{"start":{},"end":{}}],"line":443},"59":{"loc":{"start":{"line":455,"column":10},"end":{"line":455,"column":null}},"type":"if","locations":[{"start":{"line":455,"column":10},"end":{"line":455,"column":null}},{"start":{},"end":{}}],"line":455},"60":{"loc":{"start":{"line":456,"column":10},"end":{"line":456,"column":null}},"type":"if","locations":[{"start":{"line":456,"column":10},"end":{"line":456,"column":null}},{"start":{},"end":{}}],"line":456},"61":{"loc":{"start":{"line":460,"column":10},"end":{"line":460,"column":null}},"type":"if","locations":[{"start":{"line":460,"column":10},"end":{"line":460,"column":null}},{"start":{},"end":{}}],"line":460},"62":{"loc":{"start":{"line":463,"column":10},"end":{"line":463,"column":null}},"type":"if","locations":[{"start":{"line":463,"column":10},"end":{"line":463,"column":null}},{"start":{},"end":{}}],"line":463},"63":{"loc":{"start":{"line":463,"column":14},"end":{"line":463,"column":100}},"type":"binary-expr","locations":[{"start":{"line":463,"column":14},"end":{"line":463,"column":46}},{"start":{"line":463,"column":46},"end":{"line":463,"column":100}}],"line":463},"64":{"loc":{"start":{"line":468,"column":14},"end":{"line":468,"column":null}},"type":"if","locations":[{"start":{"line":468,"column":14},"end":{"line":468,"column":null}},{"start":{},"end":{}}],"line":468},"65":{"loc":{"start":{"line":470,"column":16},"end":{"line":472,"column":null}},"type":"cond-expr","locations":[{"start":{"line":471,"column":22},"end":{"line":471,"column":null}},{"start":{"line":472,"column":22},"end":{"line":472,"column":null}}],"line":470},"66":{"loc":{"start":{"line":477,"column":10},"end":{"line":477,"column":null}},"type":"if","locations":[{"start":{"line":477,"column":10},"end":{"line":477,"column":null}},{"start":{},"end":{}}],"line":477},"67":{"loc":{"start":{"line":499,"column":10},"end":{"line":499,"column":null}},"type":"if","locations":[{"start":{"line":499,"column":10},"end":{"line":499,"column":null}},{"start":{},"end":{}}],"line":499},"68":{"loc":{"start":{"line":500,"column":10},"end":{"line":500,"column":null}},"type":"if","locations":[{"start":{"line":500,"column":10},"end":{"line":500,"column":null}},{"start":{},"end":{}}],"line":500},"69":{"loc":{"start":{"line":500,"column":14},"end":{"line":500,"column":108}},"type":"binary-expr","locations":[{"start":{"line":500,"column":14},"end":{"line":500,"column":62}},{"start":{"line":500,"column":62},"end":{"line":500,"column":108}}],"line":500},"70":{"loc":{"start":{"line":504,"column":10},"end":{"line":504,"column":null}},"type":"if","locations":[{"start":{"line":504,"column":10},"end":{"line":504,"column":null}},{"start":{},"end":{}}],"line":504},"71":{"loc":{"start":{"line":505,"column":10},"end":{"line":505,"column":null}},"type":"if","locations":[{"start":{"line":505,"column":10},"end":{"line":505,"column":null}},{"start":{},"end":{}}],"line":505},"72":{"loc":{"start":{"line":505,"column":14},"end":{"line":505,"column":100}},"type":"binary-expr","locations":[{"start":{"line":505,"column":14},"end":{"line":505,"column":46}},{"start":{"line":505,"column":46},"end":{"line":505,"column":100}}],"line":505},"73":{"loc":{"start":{"line":507,"column":10},"end":{"line":567,"column":null}},"type":"if","locations":[{"start":{"line":507,"column":10},"end":{"line":567,"column":null}},{"start":{"line":514,"column":17},"end":{"line":567,"column":null}}],"line":507},"74":{"loc":{"start":{"line":536,"column":14},"end":{"line":545,"column":null}},"type":"if","locations":[{"start":{"line":536,"column":14},"end":{"line":545,"column":null}},{"start":{"line":542,"column":21},"end":{"line":545,"column":null}}],"line":536},"75":{"loc":{"start":{"line":547,"column":14},"end":{"line":547,"column":null}},"type":"if","locations":[{"start":{"line":547,"column":14},"end":{"line":547,"column":null}},{"start":{},"end":{}}],"line":547},"76":{"loc":{"start":{"line":572,"column":10},"end":{"line":572,"column":null}},"type":"if","locations":[{"start":{"line":572,"column":10},"end":{"line":572,"column":null}},{"start":{},"end":{}}],"line":572},"77":{"loc":{"start":{"line":573,"column":10},"end":{"line":573,"column":null}},"type":"if","locations":[{"start":{"line":573,"column":10},"end":{"line":573,"column":null}},{"start":{},"end":{}}],"line":573},"78":{"loc":{"start":{"line":574,"column":10},"end":{"line":574,"column":null}},"type":"if","locations":[{"start":{"line":574,"column":10},"end":{"line":574,"column":null}},{"start":{},"end":{}}],"line":574},"79":{"loc":{"start":{"line":581,"column":10},"end":{"line":581,"column":null}},"type":"if","locations":[{"start":{"line":581,"column":10},"end":{"line":581,"column":null}},{"start":{},"end":{}}],"line":581},"80":{"loc":{"start":{"line":600,"column":10},"end":{"line":600,"column":null}},"type":"if","locations":[{"start":{"line":600,"column":10},"end":{"line":600,"column":null}},{"start":{},"end":{}}],"line":600},"81":{"loc":{"start":{"line":601,"column":10},"end":{"line":601,"column":null}},"type":"if","locations":[{"start":{"line":601,"column":10},"end":{"line":601,"column":null}},{"start":{},"end":{}}],"line":601},"82":{"loc":{"start":{"line":609,"column":10},"end":{"line":609,"column":null}},"type":"if","locations":[{"start":{"line":609,"column":10},"end":{"line":609,"column":null}},{"start":{},"end":{}}],"line":609},"83":{"loc":{"start":{"line":609,"column":14},"end":{"line":609,"column":78}},"type":"binary-expr","locations":[{"start":{"line":609,"column":14},"end":{"line":609,"column":49}},{"start":{"line":609,"column":49},"end":{"line":609,"column":78}}],"line":609},"84":{"loc":{"start":{"line":616,"column":10},"end":{"line":633,"column":null}},"type":"if","locations":[{"start":{"line":616,"column":10},"end":{"line":633,"column":null}},{"start":{},"end":{}}],"line":616},"85":{"loc":{"start":{"line":622,"column":14},"end":{"line":622,"column":null}},"type":"if","locations":[{"start":{"line":622,"column":14},"end":{"line":622,"column":null}},{"start":{},"end":{}}],"line":622},"86":{"loc":{"start":{"line":625,"column":42},"end":{"line":625,"column":58}},"type":"binary-expr","locations":[{"start":{"line":625,"column":42},"end":{"line":625,"column":52}},{"start":{"line":625,"column":52},"end":{"line":625,"column":58}}],"line":625},"87":{"loc":{"start":{"line":625,"column":58},"end":{"line":625,"column":70}},"type":"binary-expr","locations":[{"start":{"line":625,"column":58},"end":{"line":625,"column":68}},{"start":{"line":625,"column":68},"end":{"line":625,"column":70}}],"line":625},"88":{"loc":{"start":{"line":637,"column":10},"end":{"line":639,"column":null}},"type":"if","locations":[{"start":{"line":637,"column":10},"end":{"line":639,"column":null}},{"start":{},"end":{}}],"line":637},"89":{"loc":{"start":{"line":650,"column":18},"end":{"line":650,"column":null}},"type":"if","locations":[{"start":{"line":650,"column":18},"end":{"line":650,"column":null}},{"start":{},"end":{}}],"line":650}},"s":{"0":1,"1":2,"2":2,"3":2,"4":2,"5":20,"6":20,"7":20,"8":90,"9":2,"10":6,"11":6,"12":18,"13":2,"14":2,"15":2,"16":2,"17":1,"18":2,"19":2,"20":2,"21":106,"22":106,"23":2,"24":1,"25":3,"26":3,"27":3,"28":3,"29":3,"30":0,"31":3,"32":0,"33":0,"34":3,"35":3,"36":3,"37":3,"38":3,"39":3,"40":0,"41":0,"42":3,"43":1,"44":2,"45":8,"46":1,"47":2,"48":1,"49":1,"50":1,"51":1,"52":1,"53":2,"54":2,"55":1,"56":2,"57":1,"58":2,"59":3,"60":2,"61":1,"62":1,"63":1,"64":1,"65":1,"66":1,"67":1,"68":1,"69":2,"70":8,"71":0,"72":0,"73":0,"74":3,"75":0,"76":0,"77":0,"78":0,"79":0,"80":0,"81":0,"82":0,"83":0,"84":0,"85":0,"86":0,"87":0,"88":0,"89":0,"90":0,"91":0,"92":0,"93":0,"94":0,"95":0,"96":0,"97":0,"98":0,"99":0,"100":0,"101":0,"102":0,"103":0,"104":0,"105":0,"106":0,"107":0,"108":0,"109":0,"110":0,"111":0,"112":0,"113":0,"114":0,"115":0,"116":0,"117":0,"118":0,"119":0,"120":0,"121":0,"122":0,"123":0,"124":0,"125":0,"126":0,"127":0,"128":0,"129":0,"130":0,"131":0,"132":0,"133":0,"134":0,"135":0,"136":0,"137":0,"138":0,"139":0,"140":0,"141":0,"142":0,"143":0,"144":0,"145":0,"146":0,"147":0,"148":0,"149":0,"150":0,"151":0,"152":0,"153":0,"154":0,"155":0,"156":0,"157":0,"158":0,"159":0,"160":0,"161":0,"162":0,"163":0,"164":0,"165":0,"166":0,"167":0,"168":0,"169":0,"170":0,"171":0,"172":0,"173":0,"174":0,"175":0,"176":0,"177":0,"178":0,"179":0,"180":0,"181":0,"182":0,"183":0,"184":0,"185":0,"186":0,"187":0,"188":0,"189":0,"190":0,"191":0,"192":0,"193":0,"194":0,"195":0,"196":0,"197":0,"198":0,"199":0,"200":0,"201":0,"202":0,"203":0,"204":0,"205":0,"206":0,"207":0,"208":0,"209":0,"210":0,"211":0,"212":0,"213":0,"214":0,"215":0,"216":0,"217":0,"218":0,"219":0,"220":0,"221":0,"222":0,"223":0,"224":0,"225":0,"226":0,"227":0,"228":0,"229":0,"230":0,"231":0,"232":0,"233":0,"234":0,"235":0,"236":0,"237":0,"238":0,"239":0,"240":0,"241":0,"242":0,"243":0,"244":0,"245":0,"246":0,"247":0,"248":0,"249":0,"250":0,"251":0,"252":0,"253":0,"254":0,"255":0,"256":0,"257":0,"258":0,"259":0,"260":0,"261":0,"262":0,"263":0,"264":0,"265":0,"266":0,"267":0,"268":0,"269":0,"270":0,"271":0,"272":1,"273":0,"274":1,"275":0,"276":1,"277":1,"278":2,"279":0,"280":2,"281":2,"282":2,"283":2,"284":2,"285":2,"286":0,"287":2,"288":2,"289":2,"290":4,"291":2,"292":2,"293":0,"294":2,"295":4,"296":2,"297":2,"298":8,"299":16,"300":16,"301":16,"302":2,"303":2,"304":2},"f":{"0":2,"1":6,"2":2,"3":3,"4":3,"5":3,"6":0,"7":1,"8":2,"9":8,"10":2,"11":1,"12":2,"13":2,"14":3,"15":1,"16":1,"17":1,"18":2,"19":8,"20":0,"21":0,"22":0,"23":0,"24":0,"25":0,"26":0,"27":0,"28":0,"29":0,"30":0,"31":0,"32":2,"33":2,"34":4,"35":4},"b":{"0":[2,18],"1":[0,3],"2":[0,3],"3":[0,0],"4":[3,2],"5":[3,0],"6":[1,0],"7":[1,1,1],"8":[1,1],"9":[2,2,2,1],"10":[0,1],"11":[1,0],"12":[0,1],"13":[1,0],"14":[0,0],"15":[0,0],"16":[0,0,0,0,0,0,0,0,0,0,1,2],"17":[0,0],"18":[0,0],"19":[0,0],"20":[0,0],"21":[0,0],"22":[0,0],"23":[0,0],"24":[0,0],"25":[0,0],"26":[0,0],"27":[0,0],"28":[0,0],"29":[0,0],"30":[0,0],"31":[0,0],"32":[0,0],"33":[0,0],"34":[0,0],"35":[0,0],"36":[0,0],"37":[0,0],"38":[0,0],"39":[0,0],"40":[0,0],"41":[0,0],"42":[0,0],"43":[0,0],"44":[0,0],"45":[0,0],"46":[0,0],"47":[0,0],"48":[0,0],"49":[0,0],"50":[0,0],"51":[0,0],"52":[0,0],"53":[0,0],"54":[0,0],"55":[0,0],"56":[0,0],"57":[0,0],"58":[0,0],"59":[0,0],"60":[0,0],"61":[0,0],"62":[0,0],"63":[0,0],"64":[0,0],"65":[0,0],"66":[0,0],"67":[0,0],"68":[0,0],"69":[0,0],"70":[0,0],"71":[0,0],"72":[0,0],"73":[0,0],"74":[0,0],"75":[0,0],"76":[0,0],"77":[0,0],"78":[0,0],"79":[0,0],"80":[0,1],"81":[0,1],"82":[0,2],"83":[2,2],"84":[2,0],"85":[0,2],"86":[2,0],"87":[2,0],"88":[0,2],"89":[16,0]},"meta":{"lastBranch":90,"lastFunction":36,"lastStatement":305,"seen":{"s:7:18:28:Infinity":0,"f:7:18:7:32":0,"s:8:24:8:Infinity":1,"s:9:11:9:Infinity":2,"s:10:2:15:Infinity":3,"s:10:15:10:18":4,"s:11:18:11:Infinity":5,"b:11:28:11:32:11:32:11:Infinity":0,"s:12:4:14:Infinity":6,"s:12:17:12:20":7,"s:13:6:13:Infinity":8,"s:16:21:23:Infinity":9,"f:16:21:16:Infinity":1,"s:20:4:22:Infinity":10,"s:20:17:20:20":11,"s:21:6:21:Infinity":12,"s:24:2:24:Infinity":13,"s:25:2:25:Infinity":14,"s:26:2:26:Infinity":15,"s:27:2:27:Infinity":16,"s:30:16:37:Infinity":17,"f:30:16:30:17":2,"s:31:19:31:Infinity":18,"s:32:2:35:Infinity":19,"s:32:15:32:36":20,"s:33:14:33:Infinity":21,"s:34:4:34:Infinity":22,"s:36:2:36:Infinity":23,"s:43:13:678:Infinity":24,"f:50:11:50:18":3,"s:51:49:51:Infinity":25,"s:52:19:52:Infinity":26,"s:54:23:57:Infinity":27,"f:56:30:56:31":4,"s:56:37:56:59":28,"b:59:4:61:Infinity:undefined:undefined:undefined:undefined":1,"s:59:4:61:Infinity":29,"s:60:6:60:Infinity":30,"b:64:4:69:Infinity:undefined:undefined:undefined:undefined":2,"s:64:4:69:Infinity":31,"b:65:6:68:Infinity:undefined:undefined:undefined:undefined":3,"s:65:6:68:Infinity":32,"s:67:8:67:Infinity":33,"s:71:18:71:Infinity":34,"s:76:22:83:Infinity":35,"f:76:22:76:29":5,"s:77:6:82:Infinity":36,"b:80:18:80:40:80:40:80:45":4,"b:81:12:81:30:81:30:81:Infinity":5,"s:85:26:85:Infinity":37,"s:86:21:86:Infinity":38,"s:89:24:100:Infinity":39,"f:89:24:89:25":6,"s:90:12:90:Infinity":40,"s:91:6:99:Infinity":41,"s:103:31:182:Infinity":42,"f:103:31:103:Infinity":7,"s:107:23:110:Infinity":43,"f:107:37:107:38":8,"s:107:45:110:10":44,"f:109:31:109:32":9,"s:109:43:109:63":45,"s:112:25:112:Infinity":46,"f:112:48:112:49":10,"s:112:59:112:70":47,"s:113:33:115:Infinity":48,"b:114:12:114:Infinity:115:12:115:Infinity":6,"f:114:24:114:25":11,"s:114:35:114:71":49,"s:116:28:116:Infinity":50,"s:118:10:120:Infinity":51,"b:118:10:118:Infinity:119:10:119:Infinity:120:10:120:Infinity":7,"s:122:32:133:Infinity":52,"f:122:43:122:44":12,"s:123:24:123:Infinity":53,"b:124:10:131:Infinity:undefined:undefined:undefined:undefined":8,"s:124:10:131:Infinity":54,"b:125:12:125:Infinity:126:12:126:Infinity:127:12:127:Infinity:128:12:128:Infinity":9,"s:130:12:130:Infinity":55,"s:132:10:132:Infinity":56,"s:135:37:143:Infinity":57,"f:135:51:135:52":13,"s:136:28:138:Infinity":58,"f:137:12:137:13":14,"s:137:21:137:Infinity":59,"s:139:10:142:Infinity":60,"s:145:28:147:Infinity":61,"f:145:42:145:43":15,"s:146:10:146:Infinity":62,"b:146:36:146:43:146:43:146:Infinity":10,"s:148:25:148:Infinity":63,"f:148:51:148:52":16,"s:148:58:148:72":64,"b:150:8:166:Infinity:undefined:undefined:undefined:undefined":11,"s:150:8:166:Infinity":65,"s:151:29:153:Infinity":66,"f:151:57:151:58":17,"s:152:12:152:Infinity":67,"b:152:38:152:45:152:45:152:Infinity":12,"s:154:10:165:Infinity":68,"b:156:26:156:46:156:46:156:Infinity":13,"f:157:46:157:47":18,"s:157:54:160:14":69,"f:159:31:159:32":19,"s:159:39:159:64":70,"s:168:8:181:Infinity":71,"b:170:24:170:44:170:44:170:Infinity":14,"f:171:44:171:45":20,"s:171:52:174:12":72,"f:173:29:173:30":21,"s:173:37:173:62":73,"b:179:14:179:Infinity:180:14:180:Infinity":15,"b:188:6:233:Infinity:235:6:271:Infinity:273:6:317:Infinity:319:6:342:Infinity:344:6:364:Infinity:366:6:404:Infinity:406:6:452:Infinity:454:6:496:Infinity:498:6:569:Infinity:571:6:597:Infinity:599:6:605:Infinity:607:6:675:Infinity":16,"s:187:4:676:Infinity":74,"b:189:8:189:Infinity:undefined:undefined:undefined:undefined":17,"s:189:8:189:Infinity":75,"b:189:12:189:45:189:45:189:66":18,"s:189:66:189:Infinity":76,"s:192:30:192:Infinity":77,"b:193:8:193:Infinity:undefined:undefined:undefined:undefined":19,"s:193:8:193:Infinity":78,"s:193:43:193:Infinity":79,"b:196:8:196:Infinity:undefined:undefined:undefined:undefined":20,"s:196:8:196:Infinity":80,"s:196:50:196:Infinity":81,"b:199:8:199:Infinity:undefined:undefined:undefined:undefined":21,"s:199:8:199:Infinity":82,"b:199:12:199:44:199:44:199:99":22,"s:199:99:199:Infinity":83,"s:201:24:201:Infinity":84,"s:202:28:202:Infinity":85,"s:203:23:203:Infinity":86,"b:206:8:206:Infinity:undefined:undefined:undefined:undefined":23,"s:206:8:206:Infinity":87,"s:206:60:206:Infinity":88,"s:208:24:208:Infinity":89,"s:209:8:213:Infinity":90,"s:214:8:214:Infinity":91,"s:216:31:216:Infinity":92,"b:218:8:231:Infinity:225:15:231:Infinity":24,"s:218:8:231:Infinity":93,"s:220:13:224:Infinity":94,"s:226:12:230:Infinity":95,"s:232:8:232:Infinity":96,"b:236:10:236:Infinity:undefined:undefined:undefined:undefined":25,"s:236:10:236:Infinity":97,"b:236:14:236:47:236:47:236:68":26,"s:236:68:236:Infinity":98,"s:238:30:238:Infinity":99,"s:239:25:239:Infinity":100,"b:241:10:241:Infinity:undefined:undefined:undefined:undefined":27,"s:241:10:241:Infinity":101,"s:241:38:241:Infinity":102,"b:242:10:242:Infinity:undefined:undefined:undefined:undefined":28,"s:242:10:242:Infinity":103,"s:242:50:242:Infinity":104,"s:244:16:244:Infinity":105,"b:247:10:269:Infinity:263:17:269:Infinity":29,"s:247:10:269:Infinity":106,"s:249:37:252:Infinity":107,"f:249:55:249:61":22,"s:249:61:252:16":108,"f:251:35:251:41":23,"s:251:41:251:67":109,"s:254:14:262:Infinity":110,"s:264:14:268:Infinity":111,"s:270:10:270:Infinity":112,"b:274:8:274:Infinity:undefined:undefined:undefined:undefined":30,"s:274:8:274:Infinity":113,"s:274:23:274:Infinity":114,"b:275:8:275:Infinity:undefined:undefined:undefined:undefined":31,"s:275:8:275:Infinity":115,"s:275:43:275:Infinity":116,"s:277:23:277:Infinity":117,"s:278:26:278:Infinity":118,"b:281:8:295:Infinity:undefined:undefined:undefined:undefined":32,"s:281:8:295:Infinity":119,"b:282:10:294:Infinity:291:17:294:Infinity":33,"s:282:10:294:Infinity":120,"s:283:31:283:Infinity":121,"s:284:12:284:Infinity":122,"s:285:12:285:Infinity":123,"b:287:12:290:Infinity:undefined:undefined:undefined:undefined":34,"s:287:12:290:Infinity":124,"s:288:14:288:Infinity":125,"s:289:14:289:Infinity":126,"s:292:12:292:Infinity":127,"s:293:12:293:Infinity":128,"s:297:26:297:Infinity":129,"s:299:8:315:Infinity":130,"b:307:18:307:Infinity:308:18:308:Infinity":35,"s:316:8:316:Infinity":131,"b:320:8:320:Infinity:undefined:undefined:undefined:undefined":36,"s:320:8:320:Infinity":132,"s:320:23:320:Infinity":133,"b:321:8:321:Infinity:undefined:undefined:undefined:undefined":37,"s:321:8:321:Infinity":134,"s:321:43:321:Infinity":135,"b:322:8:322:Infinity:undefined:undefined:undefined:undefined":38,"s:322:8:322:Infinity":136,"s:322:44:322:Infinity":137,"s:324:28:324:Infinity":138,"s:325:26:325:Infinity":139,"s:327:8:340:Infinity":140,"s:341:8:341:Infinity":141,"b:345:8:345:Infinity:undefined:undefined:undefined:undefined":39,"s:345:8:345:Infinity":142,"s:345:23:345:Infinity":143,"b:346:8:346:Infinity:undefined:undefined:undefined:undefined":40,"s:346:8:346:Infinity":144,"s:346:48:346:Infinity":145,"b:347:8:347:Infinity:undefined:undefined:undefined:undefined":41,"s:347:8:347:Infinity":146,"b:347:12:347:32:347:32:347:51":42,"s:347:51:347:Infinity":147,"b:348:8:348:Infinity:undefined:undefined:undefined:undefined":43,"s:348:8:348:Infinity":148,"b:348:12:348:46:348:46:348:76":44,"s:348:76:348:Infinity":149,"s:350:28:350:Infinity":150,"s:352:8:362:Infinity":151,"s:363:8:363:Infinity":152,"b:367:8:367:Infinity:undefined:undefined:undefined:undefined":45,"s:367:8:367:Infinity":153,"s:367:23:367:Infinity":154,"b:368:8:368:Infinity:undefined:undefined:undefined:undefined":46,"s:368:8:368:Infinity":155,"s:368:48:368:Infinity":156,"b:369:8:369:Infinity:undefined:undefined:undefined:undefined":47,"s:369:8:369:Infinity":157,"s:369:30:369:Infinity":158,"b:372:8:372:Infinity:undefined:undefined:undefined:undefined":48,"s:372:8:372:Infinity":159,"b:372:12:372:44:372:44:372:99":49,"s:372:99:372:Infinity":160,"s:374:24:374:Infinity":161,"s:375:24:375:Infinity":162,"s:376:21:376:Infinity":163,"s:378:29:378:Infinity":164,"s:380:8:384:Infinity":165,"s:385:8:385:Infinity":166,"s:386:8:386:Infinity":167,"s:388:28:388:Infinity":168,"s:390:8:402:Infinity":169,"s:403:8:403:Infinity":170,"b:407:10:407:Infinity:undefined:undefined:undefined:undefined":50,"s:407:10:407:Infinity":171,"s:407:25:407:Infinity":172,"b:408:10:408:Infinity:undefined:undefined:undefined:undefined":51,"s:408:10:408:Infinity":173,"s:408:50:408:Infinity":174,"b:409:10:409:Infinity:undefined:undefined:undefined:undefined":52,"s:409:10:409:Infinity":175,"s:409:43:409:Infinity":176,"b:410:10:410:Infinity:undefined:undefined:undefined:undefined":53,"s:410:10:410:Infinity":177,"b:410:14:410:45:410:45:410:75":54,"s:410:75:410:Infinity":178,"s:412:32:412:Infinity":179,"b:414:10:450:Infinity:435:10:450:Infinity":55,"s:414:10:450:Infinity":180,"s:416:34:416:Infinity":181,"s:417:31:417:Infinity":182,"s:420:31:420:Infinity":183,"s:421:40:421:Infinity":184,"s:422:14:424:Infinity":185,"s:422:27:422:30":186,"b:423:18:423:Infinity:undefined:undefined:undefined:undefined":56,"s:423:18:423:Infinity":187,"s:423:43:423:Infinity":188,"s:428:14:434:Infinity":189,"b:435:10:450:Infinity:443:10:450:Infinity":57,"s:435:10:450:Infinity":190,"s:437:14:442:Infinity":191,"b:443:10:450:Infinity:undefined:undefined:undefined:undefined":58,"s:443:10:450:Infinity":192,"s:444:14:449:Infinity":193,"s:451:10:451:Infinity":194,"b:455:10:455:Infinity:undefined:undefined:undefined:undefined":59,"s:455:10:455:Infinity":195,"s:455:25:455:Infinity":196,"b:456:10:456:Infinity:undefined:undefined:undefined:undefined":60,"s:456:10:456:Infinity":197,"s:456:51:456:Infinity":198,"s:459:31:459:Infinity":199,"f:459:50:459:55":24,"s:459:55:459:87":200,"b:460:10:460:Infinity:undefined:undefined:undefined:undefined":61,"s:460:10:460:Infinity":201,"s:460:29:460:Infinity":202,"b:463:10:463:Infinity:undefined:undefined:undefined:undefined":62,"s:463:10:463:Infinity":203,"b:463:14:463:46:463:46:463:100":63,"s:463:100:463:Infinity":204,"s:465:29:465:Infinity":205,"s:467:26:475:Infinity":206,"f:467:44:467:45":25,"b:468:14:468:Infinity:undefined:undefined:undefined:undefined":64,"s:468:14:468:Infinity":207,"s:468:52:468:Infinity":208,"s:469:27:473:Infinity":209,"f:469:38:469:39":26,"s:470:16:472:Infinity":210,"b:471:22:471:Infinity:472:22:472:Infinity":65,"s:474:14:474:Infinity":211,"b:477:10:477:Infinity:undefined:undefined:undefined:undefined":66,"s:477:10:477:Infinity":212,"s:477:32:477:Infinity":213,"s:478:30:478:Infinity":214,"s:480:10:492:Infinity":215,"s:494:10:494:Infinity":216,"s:495:10:495:Infinity":217,"b:499:10:499:Infinity:undefined:undefined:undefined:undefined":67,"s:499:10:499:Infinity":218,"s:499:25:499:Infinity":219,"b:500:10:500:Infinity:undefined:undefined:undefined:undefined":68,"s:500:10:500:Infinity":220,"b:500:14:500:62:500:62:500:108":69,"s:500:108:500:Infinity":221,"s:503:31:503:Infinity":222,"f:503:50:503:55":27,"s:503:55:503:87":223,"b:504:10:504:Infinity:undefined:undefined:undefined:undefined":70,"s:504:10:504:Infinity":224,"s:504:29:504:Infinity":225,"b:505:10:505:Infinity:undefined:undefined:undefined:undefined":71,"s:505:10:505:Infinity":226,"b:505:14:505:46:505:46:505:100":72,"s:505:100:505:Infinity":227,"b:507:10:567:Infinity:514:17:567:Infinity":73,"s:507:10:567:Infinity":228,"s:508:14:513:Infinity":229,"s:516:28:516:Infinity":230,"s:517:30:517:Infinity":231,"s:519:35:519:Infinity":232,"f:519:53:519:58":28,"s:519:58:519:81":233,"s:520:35:520:Infinity":234,"f:520:53:520:58":29,"s:520:58:520:90":235,"s:522:30:522:Infinity":236,"s:523:30:523:Infinity":237,"s:525:28:525:Infinity":238,"s:526:28:526:Infinity":239,"s:529:31:529:Infinity":240,"s:530:14:530:Infinity":241,"s:532:31:532:Infinity":242,"s:533:14:533:Infinity":243,"b:536:14:545:Infinity:542:21:545:Infinity":74,"s:536:14:545:Infinity":244,"s:537:18:537:Infinity":245,"s:539:31:539:Infinity":246,"s:540:18:540:Infinity":247,"s:541:18:541:Infinity":248,"s:543:18:543:Infinity":249,"s:544:18:544:Infinity":250,"b:547:14:547:Infinity:undefined:undefined:undefined:undefined":75,"s:547:14:547:Infinity":251,"s:547:36:547:Infinity":252,"s:548:34:548:Infinity":253,"s:550:14:566:Infinity":254,"s:568:10:568:Infinity":255,"b:572:10:572:Infinity:undefined:undefined:undefined:undefined":76,"s:572:10:572:Infinity":256,"s:572:25:572:Infinity":257,"b:573:10:573:Infinity:undefined:undefined:undefined:undefined":77,"s:573:10:573:Infinity":258,"s:573:51:573:Infinity":259,"b:574:10:574:Infinity:undefined:undefined:undefined:undefined":78,"s:574:10:574:Infinity":260,"s:574:32:574:Infinity":261,"s:577:29:577:Infinity":262,"s:578:27:578:Infinity":263,"f:578:48:578:53":30,"s:578:53:578:72":264,"s:579:32:579:Infinity":265,"f:579:55:579:60":31,"s:579:60:579:79":266,"b:581:10:581:Infinity:undefined:undefined:undefined:undefined":79,"s:581:10:581:Infinity":267,"s:581:25:581:Infinity":268,"s:584:30:584:Infinity":269,"s:587:10:595:Infinity":270,"s:596:10:596:Infinity":271,"b:600:10:600:Infinity:undefined:undefined:undefined:undefined":80,"s:600:10:600:Infinity":272,"s:600:25:600:Infinity":273,"b:601:10:601:Infinity:undefined:undefined:undefined:undefined":81,"s:601:10:601:Infinity":274,"s:601:45:601:Infinity":275,"s:603:10:603:Infinity":276,"s:604:10:604:Infinity":277,"b:609:10:609:Infinity:undefined:undefined:undefined:undefined":82,"s:609:10:609:Infinity":278,"b:609:14:609:49:609:49:609:78":83,"s:609:78:609:Infinity":279,"s:611:23:611:Infinity":280,"s:613:31:613:Infinity":281,"b:616:10:633:Infinity:undefined:undefined:undefined:undefined":84,"s:616:10:633:Infinity":282,"s:617:34:620:Infinity":283,"f:619:42:619:43":32,"s:619:49:619:71":284,"b:622:14:622:Infinity:undefined:undefined:undefined:undefined":85,"s:622:14:622:Infinity":285,"s:622:42:622:Infinity":286,"s:625:14:625:Infinity":287,"f:625:31:625:32":33,"s:625:35:625:70":288,"b:625:42:625:52:625:52:625:58":86,"b:625:58:625:68:625:68:625:70":87,"s:627:14:632:Infinity":289,"f:627:47:627:53":34,"s:627:53:632:16":290,"s:636:32:636:Infinity":291,"b:637:10:639:Infinity:undefined:undefined:undefined:undefined":88,"s:637:10:639:Infinity":292,"s:638:14:638:Infinity":293,"s:642:26:645:Infinity":294,"f:642:45:642:51":35,"s:642:51:645:12":295,"s:647:10:652:Infinity":296,"s:647:23:647:26":297,"s:648:14:651:Infinity":298,"s:649:31:649:Infinity":299,"b:650:18:650:Infinity:undefined:undefined:undefined:undefined":89,"s:650:18:650:Infinity":300,"s:650:28:650:Infinity":301,"s:654:30:654:Infinity":302,"s:656:10:673:Infinity":303,"s:674:10:674:Infinity":304}}}
,"/Users/pcstyle/sen-web/convex/games.ts": {"path":"/Users/pcstyle/sen-web/convex/games.ts","statementMap":{"0":{"start":{"line":6,"column":22},"end":{"line":7,"column":null}},"1":{"start":{"line":7,"column":2},"end":{"line":7,"column":null}},"2":{"start":{"line":9,"column":13},"end":{"line":96,"column":null}},"3":{"start":{"line":15,"column":23},"end":{"line":18,"column":null}},"4":{"start":{"line":17,"column":37},"end":{"line":17,"column":64}},"5":{"start":{"line":20,"column":4},"end":{"line":20,"column":null}},"6":{"start":{"line":20,"column":21},"end":{"line":20,"column":null}},"7":{"start":{"line":22,"column":18},"end":{"line":22,"column":null}},"8":{"start":{"line":23,"column":21},"end":{"line":23,"column":null}},"9":{"start":{"line":25,"column":4},"end":{"line":27,"column":null}},"10":{"start":{"line":26,"column":8},"end":{"line":26,"column":null}},"11":{"start":{"line":30,"column":4},"end":{"line":50,"column":null}},"12":{"start":{"line":31,"column":28},"end":{"line":34,"column":null}},"13":{"start":{"line":33,"column":43},"end":{"line":33,"column":70}},"14":{"start":{"line":37,"column":8},"end":{"line":37,"column":null}},"15":{"start":{"line":37,"column":29},"end":{"line":37,"column":64}},"16":{"start":{"line":39,"column":29},"end":{"line":44,"column":null}},"17":{"start":{"line":39,"column":51},"end":{"line":44,"column":10}},"18":{"start":{"line":46,"column":8},"end":{"line":49,"column":null}},"19":{"start":{"line":52,"column":4},"end":{"line":52,"column":null}},"20":{"start":{"line":52,"column":19},"end":{"line":52,"column":null}},"21":{"start":{"line":54,"column":22},"end":{"line":54,"column":null}},"22":{"start":{"line":57,"column":10},"end":{"line":76,"column":null}},"23":{"start":{"line":58,"column":6},"end":{"line":58,"column":null}},"24":{"start":{"line":58,"column":47},"end":{"line":58,"column":null}},"25":{"start":{"line":61,"column":6},"end":{"line":75,"column":null}},"26":{"start":{"line":63,"column":41},"end":{"line":74,"column":10}},"27":{"start":{"line":79,"column":10},"end":{"line":83,"column":null}},"28":{"start":{"line":79,"column":55},"end":{"line":83,"column":6}},"29":{"start":{"line":85,"column":4},"end":{"line":94,"column":null}},"30":{"start":{"line":91,"column":115},"end":{"line":91,"column":132}}},"fnMap":{"0":{"name":"(anonymous_0)","decl":{"start":{"line":6,"column":22},"end":{"line":6,"column":23}},"loc":{"start":{"line":7,"column":2},"end":{"line":7,"column":null}},"line":7},"1":{"name":"(anonymous_1)","decl":{"start":{"line":14,"column":11},"end":{"line":14,"column":18}},"loc":{"start":{"line":14,"column":32},"end":{"line":95,"column":null}},"line":14},"2":{"name":"(anonymous_2)","decl":{"start":{"line":17,"column":30},"end":{"line":17,"column":31}},"loc":{"start":{"line":17,"column":37},"end":{"line":17,"column":64}},"line":17},"3":{"name":"(anonymous_3)","decl":{"start":{"line":33,"column":36},"end":{"line":33,"column":37}},"loc":{"start":{"line":33,"column":43},"end":{"line":33,"column":70}},"line":33},"4":{"name":"(anonymous_4)","decl":{"start":{"line":37,"column":25},"end":{"line":37,"column":26}},"loc":{"start":{"line":37,"column":29},"end":{"line":37,"column":64}},"line":37},"5":{"name":"(anonymous_5)","decl":{"start":{"line":39,"column":45},"end":{"line":39,"column":51}},"loc":{"start":{"line":39,"column":51},"end":{"line":44,"column":10}},"line":39},"6":{"name":"(anonymous_6)","decl":{"start":{"line":57,"column":46},"end":{"line":57,"column":47}},"loc":{"start":{"line":57,"column":58},"end":{"line":76,"column":5}},"line":57},"7":{"name":"(anonymous_7)","decl":{"start":{"line":63,"column":30},"end":{"line":63,"column":31}},"loc":{"start":{"line":63,"column":41},"end":{"line":74,"column":10}},"line":63},"8":{"name":"(anonymous_8)","decl":{"start":{"line":79,"column":48},"end":{"line":79,"column":55}},"loc":{"start":{"line":79,"column":55},"end":{"line":83,"column":6}},"line":79},"9":{"name":"(anonymous_9)","decl":{"start":{"line":91,"column":110},"end":{"line":91,"column":115}},"loc":{"start":{"line":91,"column":115},"end":{"line":91,"column":132}},"line":91}},"branchMap":{"0":{"loc":{"start":{"line":7,"column":2},"end":{"line":7,"column":null}},"type":"binary-expr","locations":[{"start":{"line":7,"column":2},"end":{"line":7,"column":27}},{"start":{"line":7,"column":27},"end":{"line":7,"column":null}}],"line":7},"1":{"loc":{"start":{"line":20,"column":4},"end":{"line":20,"column":null}},"type":"if","locations":[{"start":{"line":20,"column":4},"end":{"line":20,"column":null}},{"start":{},"end":{}}],"line":20},"2":{"loc":{"start":{"line":25,"column":4},"end":{"line":27,"column":null}},"type":"if","locations":[{"start":{"line":25,"column":4},"end":{"line":27,"column":null}},{"start":{},"end":{}}],"line":25},"3":{"loc":{"start":{"line":30,"column":4},"end":{"line":50,"column":null}},"type":"if","locations":[{"start":{"line":30,"column":4},"end":{"line":50,"column":null}},{"start":{},"end":{}}],"line":30},"4":{"loc":{"start":{"line":37,"column":36},"end":{"line":37,"column":52}},"type":"binary-expr","locations":[{"start":{"line":37,"column":36},"end":{"line":37,"column":46}},{"start":{"line":37,"column":46},"end":{"line":37,"column":52}}],"line":37},"5":{"loc":{"start":{"line":37,"column":52},"end":{"line":37,"column":64}},"type":"binary-expr","locations":[{"start":{"line":37,"column":52},"end":{"line":37,"column":62}},{"start":{"line":37,"column":62},"end":{"line":37,"column":64}}],"line":37},"6":{"loc":{"start":{"line":52,"column":4},"end":{"line":52,"column":null}},"type":"if","locations":[{"start":{"line":52,"column":4},"end":{"line":52,"column":null}},{"start":{},"end":{}}],"line":52},"7":{"loc":{"start":{"line":57,"column":21},"end":{"line":57,"column":42}},"type":"binary-expr","locations":[{"start":{"line":57,"column":21},"end":{"line":57,"column":38}},{"start":{"line":57,"column":38},"end":{"line":57,"column":42}}],"line":57},"8":{"loc":{"start":{"line":58,"column":6},"end":{"line":58,"column":null}},"type":"if","locations":[{"start":{"line":58,"column":6},"end":{"line":58,"column":null}},{"start":{},"end":{}}],"line":58},"9":{"loc":{"start":{"line":58,"column":10},"end":{"line":58,"column":47}},"type":"binary-expr","locations":[{"start":{"line":58,"column":10},"end":{"line":58,"column":23}},{"start":{"line":58,"column":23},"end":{"line":58,"column":47}}],"line":58},"10":{"loc":{"start":{"line":67,"column":17},"end":{"line":71,"column":null}},"type":"cond-expr","locations":[{"start":{"line":67,"column":67},"end":{"line":67,"column":79}},{"start":{"line":67,"column":79},"end":{"line":71,"column":null}}],"line":67},"11":{"loc":{"start":{"line":67,"column":17},"end":{"line":67,"column":67}},"type":"binary-expr","locations":[{"start":{"line":67,"column":17},"end":{"line":67,"column":34}},{"start":{"line":67,"column":34},"end":{"line":67,"column":67}}],"line":67},"12":{"loc":{"start":{"line":79,"column":22},"end":{"line":79,"column":44}},"type":"binary-expr","locations":[{"start":{"line":79,"column":22},"end":{"line":79,"column":40}},{"start":{"line":79,"column":40},"end":{"line":79,"column":44}}],"line":79},"13":{"loc":{"start":{"line":91,"column":18},"end":{"line":93,"column":null}},"type":"cond-expr","locations":[{"start":{"line":92,"column":10},"end":{"line":92,"column":null}},{"start":{"line":93,"column":10},"end":{"line":93,"column":null}}],"line":91},"14":{"loc":{"start":{"line":91,"column":18},"end":{"line":91,"column":null}},"type":"binary-expr","locations":[{"start":{"line":91,"column":18},"end":{"line":91,"column":57}},{"start":{"line":91,"column":57},"end":{"line":91,"column":null}}],"line":91}},"s":{"0":1,"1":2,"2":1,"3":2,"4":2,"5":2,"6":0,"7":2,"8":2,"9":2,"10":0,"11":2,"12":0,"13":0,"14":0,"15":0,"16":0,"17":0,"18":0,"19":2,"20":0,"21":2,"22":2,"23":4,"24":3,"25":1,"26":4,"27":2,"28":45,"29":2,"30":0},"f":{"0":2,"1":2,"2":2,"3":0,"4":0,"5":0,"6":4,"7":4,"8":45,"9":0},"b":{"0":[2,2],"1":[0,2],"2":[0,2],"3":[0,2],"4":[0,0],"5":[0,0],"6":[0,2],"7":[2,0],"8":[3,1],"9":[4,2],"10":[0,4],"11":[4,0],"12":[2,0],"13":[0,2],"14":[2,0]},"meta":{"lastBranch":15,"lastFunction":10,"lastStatement":31,"seen":{"s:6:22:7:Infinity":0,"f:6:22:6:23":0,"s:7:2:7:Infinity":1,"b:7:2:7:27:7:27:7:Infinity":0,"s:9:13:96:Infinity":2,"f:14:11:14:18":1,"s:15:23:18:Infinity":3,"f:17:30:17:31":2,"s:17:37:17:64":4,"b:20:4:20:Infinity:undefined:undefined:undefined:undefined":1,"s:20:4:20:Infinity":5,"s:20:21:20:Infinity":6,"s:22:18:22:Infinity":7,"s:23:21:23:Infinity":8,"b:25:4:27:Infinity:undefined:undefined:undefined:undefined":2,"s:25:4:27:Infinity":9,"s:26:8:26:Infinity":10,"b:30:4:50:Infinity:undefined:undefined:undefined:undefined":3,"s:30:4:50:Infinity":11,"s:31:28:34:Infinity":12,"f:33:36:33:37":3,"s:33:43:33:70":13,"s:37:8:37:Infinity":14,"f:37:25:37:26":4,"s:37:29:37:64":15,"b:37:36:37:46:37:46:37:52":4,"b:37:52:37:62:37:62:37:64":5,"s:39:29:44:Infinity":16,"f:39:45:39:51":5,"s:39:51:44:10":17,"s:46:8:49:Infinity":18,"b:52:4:52:Infinity:undefined:undefined:undefined:undefined":6,"s:52:4:52:Infinity":19,"s:52:19:52:Infinity":20,"s:54:22:54:Infinity":21,"s:57:10:76:Infinity":22,"b:57:21:57:38:57:38:57:42":7,"f:57:46:57:47":6,"b:58:6:58:Infinity:undefined:undefined:undefined:undefined":8,"s:58:6:58:Infinity":23,"b:58:10:58:23:58:23:58:47":9,"s:58:47:58:Infinity":24,"s:61:6:75:Infinity":25,"f:63:30:63:31":7,"s:63:41:74:10":26,"b:67:67:67:79:67:79:71:Infinity":10,"b:67:17:67:34:67:34:67:67":11,"s:79:10:83:Infinity":27,"b:79:22:79:40:79:40:79:44":12,"f:79:48:79:55":8,"s:79:55:83:6":28,"s:85:4:94:Infinity":29,"b:92:10:92:Infinity:93:10:93:Infinity":13,"b:91:18:91:57:91:57:91:Infinity":14,"f:91:110:91:115":9,"s:91:115:91:132":30}}}
,"/Users/pcstyle/sen-web/convex/rooms.ts": {"path":"/Users/pcstyle/sen-web/convex/rooms.ts","statementMap":{"0":{"start":{"line":4,"column":13},"end":{"line":59,"column":null}},"1":{"start":{"line":12,"column":16},"end":{"line":12,"column":null}},"2":{"start":{"line":13,"column":17},"end":{"line":13,"column":null}},"3":{"start":{"line":16,"column":21},"end":{"line":19,"column":null}},"4":{"start":{"line":18,"column":37},"end":{"line":18,"column":64}},"5":{"start":{"line":20,"column":4},"end":{"line":22,"column":null}},"6":{"start":{"line":21,"column":6},"end":{"line":21,"column":null}},"7":{"start":{"line":24,"column":4},"end":{"line":32,"column":null}},"8":{"start":{"line":34,"column":4},"end":{"line":42,"column":null}},"9":{"start":{"line":45,"column":4},"end":{"line":56,"column":null}},"10":{"start":{"line":57,"column":4},"end":{"line":57,"column":null}},"11":{"start":{"line":61,"column":13},"end":{"line":119,"column":null}},"12":{"start":{"line":69,"column":17},"end":{"line":72,"column":null}},"13":{"start":{"line":71,"column":37},"end":{"line":71,"column":64}},"14":{"start":{"line":74,"column":4},"end":{"line":76,"column":null}},"15":{"start":{"line":75,"column":6},"end":{"line":75,"column":null}},"16":{"start":{"line":79,"column":27},"end":{"line":82,"column":null}},"17":{"start":{"line":81,"column":39},"end":{"line":81,"column":70}},"18":{"start":{"line":84,"column":16},"end":{"line":84,"column":null}},"19":{"start":{"line":85,"column":24},"end":{"line":88,"column":null}},"20":{"start":{"line":87,"column":37},"end":{"line":87,"column":64}},"21":{"start":{"line":89,"column":23},"end":{"line":89,"column":null}},"22":{"start":{"line":89,"column":54},"end":{"line":89,"column":60}},"23":{"start":{"line":90,"column":15},"end":{"line":90,"column":null}},"24":{"start":{"line":91,"column":4},"end":{"line":91,"column":null}},"25":{"start":{"line":91,"column":33},"end":{"line":91,"column":null}},"26":{"start":{"line":93,"column":4},"end":{"line":110,"column":null}},"27":{"start":{"line":95,"column":6},"end":{"line":98,"column":null}},"28":{"start":{"line":101,"column":6},"end":{"line":109,"column":null}},"29":{"start":{"line":113,"column"
[...]
,"column":36}},{"start":{"line":29,"column":36},"end":{"line":29,"column":57}},{"start":{"line":29,"column":57},"end":{"line":29,"column":null}}],"line":29},"2":{"loc":{"start":{"line":38,"column":21},"end":{"line":38,"column":null}},"type":"binary-expr","locations":[{"start":{"line":38,"column":21},"end":{"line":38,"column":38}},{"start":{"line":38,"column":38},"end":{"line":38,"column":59}},{"start":{"line":38,"column":59},"end":{"line":38,"column":null}}],"line":38},"3":{"loc":{"start":{"line":62,"column":27},"end":{"line":62,"column":59}},"type":"binary-expr","locations":[{"start":{"line":62,"column":27},"end":{"line":62,"column":54}},{"start":{"line":62,"column":54},"end":{"line":62,"column":59}}],"line":62}},"s":{"0":2,"1":21,"2":2,"3":15,"4":1,"5":1,"6":9,"7":4,"8":2,"9":2,"10":12,"11":12,"12":3,"13":3,"14":3,"15":1,"16":1,"17":1,"18":1,"19":2,"20":2,"21":2,"22":2,"23":1,"24":1,"25":2,"26":2},"f":{"0":21,"1":15,"2":2,"3":12,"4":12,"5":3,"6":3,"7":1,"8":1,"9":1,"10":1,"11":2,"12":2,"13":2,"14":2,"15":1,"16":1,"17":2,"18":2},"b":{"0":[1,1,9,4],"1":[12,9,9],"2":[3,2,1],"3":[2,0]},"meta":{"lastBranch":4,"lastFunction":19,"lastStatement":27,"seen":{"s:5:23:6:Infinity":0,"f:5:23:5:24":0,"s:6:2:6:Infinity":1,"s:8:25:19:Infinity":2,"f:8:25:8:26":1,"b:10:4:11:Infinity:12:4:13:Infinity:14:4:15:Infinity:16:4:17:Infinity":0,"s:9:2:18:Infinity":3,"s:11:6:11:Infinity":4,"s:13:6:13:Infinity":5,"s:15:6:15:Infinity":6,"s:17:6:17:Infinity":7,"s:21:56:72:Infinity":8,"f:21:56:21:57":2,"s:21:66:72:Infinity":9,"f:26:11:26:12":3,"s:27:4:31:Infinity":10,"f:27:8:27:9":4,"s:27:20:31:6":11,"b:29:19:29:36:29:36:29:57:29:57:29:Infinity":1,"f:33:14:33:15":5,"s:34:4:41:Infinity":12,"f:34:8:34:9":6,"s:35:19:35:Infinity":13,"s:36:6:40:Infinity":14,"b:38:21:38:38:38:38:38:59:38:59:38:Infinity":2,"f:43:18:43:Infinity":7,"s:44:4:48:Infinity":15,"f:44:8:44:15":8,"s:44:15:48:6":16,"f:50:20:50:21":9,"s:51:4:53:Infinity":17,"f:51:8:51:9":10,"s:51:20:53:6":18,"f:55:15:55:16":11,"s:56:4:56:Infinity":19,"f:56:8:56:9":12,"s:56:20:56:64":20,"f:58:14:58:15":13,"s:59:4:64:Infinity":21,"f:59:8:59:9":14,"s:59:20:64:6":22,"b:62:27:62:54:62:54:62:59":3,"f:66:11:66:12":15,"s:67:4:67:Infinity":23,"f:67:8:67:9":16,"s:67:20:67:72":24,"f:69:17:69:18":17,"s:69:29:69:Infinity":25,"f:71:18:71:19":18,"s:71:31:71:Infinity":26}}}
,"/Users/pcstyle/sen-web/src/state/initialGame.ts": {"path":"/Users/pcstyle/sen-web/src/state/initialGame.ts","statementMap":{"0":{"start":{"line":4,"column":43},"end":{"line":21,"column":null}}},"fnMap":{},"branchMap":{},"s":{"0":3},"f":{},"b":{},"meta":{"lastBranch":0,"lastFunction":0,"lastStatement":1,"seen":{"s:4:43:21:Infinity":0}}}
,"/Users/pcstyle/sen-web/src/state/netSlice.ts": {"path":"/Users/pcstyle/sen-web/src/state/netSlice.ts","statementMap":{"0":{"start":{"line":3,"column":54},"end":{"line":12,"column":null}},"1":{"start":{"line":3,"column":64},"end":{"line":12,"column":null}},"2":{"start":{"line":8,"column":28},"end":{"line":8,"column":null}},"3":{"start":{"line":9,"column":25},"end":{"line":9,"column":null}},"4":{"start":{"line":10,"column":23},"end":{"line":10,"column":null}},"5":{"start":{"line":10,"column":39},"end":{"line":10,"column":90}},"6":{"start":{"line":11,"column":24},"end":{"line":11,"column":null}}},"fnMap":{"0":{"name":"(anonymous_0)","decl":{"start":{"line":3,"column":54},"end":{"line":3,"column":55}},"loc":{"start":{"line":3,"column":64},"end":{"line":12,"column":null}},"line":3},"1":{"name":"(anonymous_1)","decl":{"start":{"line":8,"column":16},"end":{"line":8,"column":17}},"loc":{"start":{"line":8,"column":28},"end":{"line":8,"column":null}},"line":8},"2":{"name":"(anonymous_2)","decl":{"start":{"line":9,"column":14},"end":{"line":9,"column":15}},"loc":{"start":{"line":9,"column":25},"end":{"line":9,"column":null}},"line":9},"3":{"name":"(anonymous_3)","decl":{"start":{"line":10,"column":17},"end":{"line":10,"column":23}},"loc":{"start":{"line":10,"column":23},"end":{"line":10,"column":null}},"line":10},"4":{"name":"(anonymous_4)","decl":{"start":{"line":10,"column":27},"end":{"line":10,"column":28}},"loc":{"start":{"line":10,"column":39},"end":{"line":10,"column":90}},"line":10},"5":{"name":"(anonymous_5)","decl":{"start":{"line":11,"column":18},"end":{"line":11,"column":24}},"loc":{"start":{"line":11,"column":24},"end":{"line":11,"column":null}},"line":11}},"branchMap":{},"s":{"0":2,"1":2,"2":3,"3":2,"4":5,"5":5,"6":1},"f":{"0":2,"1":3,"2":2,"3":5,"4":5,"5":1},"b":{},"meta":{"lastBranch":0,"lastFunction":6,"lastStatement":7,"seen":{"s:3:54:12:Infinity":0,"f:3:54:3:55":0,"s:3:64:12:Infinity":1,"f:8:16:8:17":1,"s:8:28:8:Infinity":2,"f:9:14:9:15":2,"s:9:25:9:Infinity":3,"f:10:17:10:23":3,"s:10:23:10:Infinity":4,"f:10:27:10:28":4,"s:10:39:10:90":5,"f:11:18:11:24":5,"s:11:24:11:Infinity":6}}}
,"/Users/pcstyle/sen-web/src/state/sessionSlice.ts": {"path":"/Users/pcstyle/sen-web/src/state/sessionSlice.ts","statementMap":{"0":{"start":{"line":4,"column":62},"end":{"line":17,"column":null}},"1":{"start":{"line":4,"column":72},"end":{"line":17,"column":null}},"2":{"start":{"line":12,"column":27},"end":{"line":12,"column":null}},"3":{"start":{"line":13,"column":23},"end":{"line":13,"column":null}},"4":{"start":{"line":14,"column":25},"end":{"line":14,"column":null}},"5":{"start":{"line":15,"column":23},"end":{"line":15,"column":null}},"6":{"start":{"line":16,"column":27},"end":{"line":16,"column":null}}},"fnMap":{"0":{"name":"(anonymous_0)","decl":{"start":{"line":4,"column":62},"end":{"line":4,"column":63}},"loc":{"start":{"line":4,"column":72},"end":{"line":17,"column":null}},"line":4},"1":{"name":"(anonymous_1)","decl":{"start":{"line":12,"column":13},"end":{"line":12,"column":14}},"loc":{"start":{"line":12,"column":27},"end":{"line":12,"column":null}},"line":12},"2":{"name":"(anonymous_2)","decl":{"start":{"line":13,"column":11},"end":{"line":13,"column":12}},"loc":{"start":{"line":13,"column":23},"end":{"line":13,"column":null}},"line":13},"3":{"name":"(anonymous_3)","decl":{"start":{"line":14,"column":13},"end":{"line":14,"column":14}},"loc":{"start":{"line":14,"column":25},"end":{"line":14,"column":null}},"line":14},"4":{"name":"(anonymous_4)","decl":{"start":{"line":15,"column":12},"end":{"line":15,"column":13}},"loc":{"start":{"line":15,"column":23},"end":{"line":15,"column":null}},"line":15},"5":{"name":"(anonymous_5)","decl":{"start":{"line":16,"column":16},"end":{"line":16,"column":17}},"loc":{"start":{"line":16,"column":27},"end":{"line":16,"column":null}},"line":16}},"branchMap":{"0":{"loc":{"start":{"line":12,"column":43},"end":{"line":12,"column":59}},"type":"binary-expr","locations":[{"start":{"line":12,"column":43},"end":{"line":12,"column":49}},{"start":{"line":12,"column":43},"end":{"line":12,"column":59}}],"line":12}},"s":{"0":2,"1":2,"2":3,"3":3,"4":1,"5":1,"6":1},"f":{"0":2,"1":3,"2":3,"3":1,"4":1,"5":1},"b":{"0":[3,1]},"meta":{"lastBranch":1,"lastFunction":6,"lastStatement":7,"seen":{"s:4:62:17:Infinity":0,"f:4:62:4:63":0,"s:4:72:17:Infinity":1,"f:12:13:12:14":1,"s:12:27:12:Infinity":2,"b:12:43:12:49:12:43:12:59":0,"f:13:11:13:12":2,"s:13:23:13:Infinity":3,"f:14:13:14:14":3,"s:14:25:14:Infinity":4,"f:15:12:15:13":4,"s:15:23:15:Infinity":5,"f:16:16:16:17":5,"s:16:27:16:Infinity":6}}}
,"/Users/pcstyle/sen-web/src/state/store.ts": {"path":"/Users/pcstyle/sen-web/src/state/store.ts","statementMap":{"0":{"start":{"line":20,"column":24},"end":{"line":30,"column":null}},"1":{"start":{"line":23,"column":16},"end":{"line":23,"column":null}},"2":{"start":{"line":24,"column":2},"end":{"line":24,"column":null}},"3":{"start":{"line":25,"column":2},"end":{"line":28,"column":null}},"4":{"start":{"line":26,"column":5},"end":{"line":27,"column":null}},"5":{"start":{"line":27,"column":6},"end":{"line":27,"column":null}},"6":{"start":{"line":27,"column":19},"end":{"line":27,"column":41}},"7":{"start":{"line":29,"column":2},"end":{"line":29,"column":null}},"8":{"start":{"line":32,"column":20},"end":{"line":39,"column":null}},"9":{"start":{"line":32,"column":61},"end":{"line":39,"column":null}},"10":{"start":{"line":45,"column":6},"end":{"line":93,"column":null}},"11":{"start":{"line":49,"column":28},"end":{"line":54,"column":null}},"12":{"start":{"line":57,"column":33},"end":{"line":57,"column":null}},"13":{"start":{"line":64,"column":26},"end":{"line":64,"column":null}},"14":{"start":{"line":66,"column":12},"end":{"line":69,"column":null}},"15":{"start":{"line":71,"column":12},"end":{"line":71,"column":null}},"16":{"start":{"line":78,"column":12},"end":{"line":78,"column":null}},"17":{"start":{"line":79,"column":12},"end":{"line":85,"column":null}},"18":{"start":{"line":80,"column":14},"end":{"line":84,"column":null}},"19":{"start":{"line":81,"column":16},"end":{"line":81,"column":null}},"20":{"start":{"line":83,"column":16},"end":{"line":83,"column":null}},"21":{"start":{"line":103,"column":27},"end":{"line":103,"column":null}}},"fnMap":{"0":{"name":"(anonymous_0)","decl":{"start":{"line":20,"column":24},"end":{"line":20,"column":null}},"loc":{"start":{"line":22,"column":23},"end":{"line":30,"column":null}},"line":22},"1":{"name":"(anonymous_1)","decl":{"start":{"line":26,"column":54},"end":{"line":26,"column":null}},"loc":{"start":{"line":27,"column":6},"end":{"line":27,"column":null}},"line":27},"2":{"name":"(anonymous_2)","decl":{"start":{"line":27,"column":12},"end":{"line":27,"column":13}},"loc":{"start":{"line":27,"column":19},"end":{"line":27,"column":41}},"line":27},"3":{"name":"(anonymous_3)","decl":{"start":{"line":32,"column":20},"end":{"line":32,"column":21}},"loc":{"start":{"line":32,"column":61},"end":{"line":39,"column":null}},"line":32},"4":{"name":"(anonymous_4)","decl":{"start":{"line":49,"column":8},"end":{"line":49,"column":9}},"loc":{"start":{"line":49,"column":28},"end":{"line":54,"column":null}},"line":49},"5":{"name":"(anonymous_5)","decl":{"start":{"line":57,"column":22},"end":{"line":57,"column":23}},"loc":{"start":{"line":57,"column":33},"end":{"line":57,"column":null}},"line":57},"6":{"name":"(anonymous_6)","decl":{"start":{"line":63,"column":19},"end":{"line":63,"column":20}},"loc":{"start":{"line":63,"column":48},"end":{"line":72,"column":null}},"line":63},"7":{"name":"(anonymous_7)","decl":{"start":{"line":77,"column":30},"end":{"line":77,"column":36}},"loc":{"start":{"line":77,"column":36},"end":{"line":86,"column":null}},"line":77},"8":{"name":"(anonymous_8)","decl":{"start":{"line":79,"column":19},"end":{"line":79,"column":20}},"loc":{"start":{"line":79,"column":38},"end":{"line":85,"column":null}},"line":79}},"branchMap":{"0":{"loc":{"start":{"line":66,"column":12},"end":{"line":69,"column":null}},"type":"if","locations":[{"start":{"line":66,"column":12},"end":{"line":69,"column":null}},{"start":{},"end":{}}],"line":66},"1":{"loc":{"start":{"line":80,"column":14},"end":{"line":84,"column":null}},"type":"if","locations":[{"start":{"line":80,"column":14},"end":{"line":84,"column":null}},{"start":{"line":82,"column":21},"end":{"line":84,"column":null}}],"line":80}},"s":{"0":2,"1":2,"2":2,"3":2,"4":80,"5":0,"6":0,"7":2,"8":2,"9":88,"10":2,"11":2,"12":88,"13":0,"14":0,"15":0,"16":2,"17":2,"18":2,"19":0,"20":2,"21":2},"f":{"0":2,"1":0,"2":0,"3":88,"4":2,"5":88,"6":0,"7":2,"8":2},"b":{"0":[0,0],"1":[0,2]},"meta":{"lastBranch":2,"lastFunction":9,"lastStatement":22,"seen":{"s:20:24:30:Infinity":0,"f:20:24:20:Infinity":0,"s:23:16:23:Infinity":1,"s:24:2:24:Infinity":2,"s:25:2:28:Infinity":3,"s:26:5:27:Infinity":4,"f:26:54:26:Infinity":1,"s:27:6:27:Infinity":5,"f:27:12:27:13":2,"s:27:19:27:41":6,"s:29:2:29:Infinity":7,"s:32:20:39:Infinity":8,"f:32:20:32:21":3,"s:32:61:39:Infinity":9,"s:45:6:93:Infinity":10,"f:49:8:49:9":4,"s:49:28:54:Infinity":11,"f:57:22:57:23":5,"s:57:33:57:Infinity":12,"f:63:19:63:20":6,"s:64:26:64:Infinity":13,"b:66:12:69:Infinity:undefined:undefined:undefined:undefined":0,"s:66:12:69:Infinity":14,"s:71:12:71:Infinity":15,"f:77:30:77:36":7,"s:78:12:78:Infinity":16,"s:79:12:85:Infinity":17,"f:79:19:79:20":8,"b:80:14:84:Infinity:82:21:84:Infinity":1,"s:80:14:84:Infinity":18,"s:81:16:81:Infinity":19,"s:83:16:83:Infinity":20,"s:103:27:103:Infinity":21}}}
,"/Users/pcstyle/sen-web/src/state/uiSlice.ts": {"path":"/Users/pcstyle/sen-web/src/state/uiSlice.ts","statementMap":{"0":{"start":{"line":3,"column":38},"end":{"line":3,"column":null}},"1":{"start":{"line":5,"column":52},"end":{"line":17,"column":null}},"2":{"start":{"line":5,"column":62},"end":{"line":17,"column":null}},"3":{"start":{"line":12,"column":35},"end":{"line":12,"column":null}},"4":{"start":{"line":13,"column":36},"end":{"line":13,"column":null}},"5":{"start":{"line":14,"column":43},"end":{"line":14,"column":null}},"6":{"start":{"line":15,"column":40},"end":{"line":15,"column":null}},"7":{"start":{"line":16,"column":40},"end":{"line":16,"column":null}}},"fnMap":{"0":{"name":"(anonymous_0)","decl":{"start":{"line":5,"column":52},"end":{"line":5,"column":53}},"loc":{"start":{"line":5,"column":62},"end":{"line":17,"column":null}},"line":5},"1":{"name":"(anonymous_1)","decl":{"start":{"line":12,"column":15},"end":{"line":12,"column":16}},"loc":{"start":{"line":12,"column":35},"end":{"line":12,"column":null}},"line":12},"2":{"name":"(anonymous_2)","decl":{"start":{"line":13,"column":16},"end":{"line":13,"column":17}},"loc":{"start":{"line":13,"column":36},"end":{"line":13,"column":null}},"line":13},"3":{"name":"(anonymous_3)","decl":{"start":{"line":14,"column":15},"end":{"line":14,"column":16}},"loc":{"start":{"line":14,"column":43},"end":{"line":14,"column":null}},"line":14},"4":{"name":"(anonymous_4)","decl":{"start":{"line":15,"column":20},"end":{"line":15,"column":21}},"loc":{"start":{"line":15,"column":40},"end":{"line":15,"column":null}},"line":15},"5":{"name":"(anonymous_5)","decl":{"start":{"line":16,"column":21},"end":{"line":16,"column":22}},"loc":{"start":{"line":16,"column":40},"end":{"line":16,"column":null}},"line":16}},"branchMap":{},"s":{"0":2,"1":2,"2":2,"3":2,"4":1,"5":1,"6":1,"7":1},"f":{"0":2,"1":2,"2":1,"3":1,"4":1,"5":1},"b":{},"meta":{"lastBranch":0,"lastFunction":6,"lastStatement":8,"seen":{"s:3:38:3:Infinity":0,"s:5:52:17:Infinity":1,"f:5:52:5:53":0,"s:5:62:17:Infinity":2,"f:12:15:12:16":1,"s:12:35:12:Infinity":3,"f:13:16:13:17":2,"s:13:36:13:Infinity":4,"f:14:15:14:16":3,"s:14:43:14:Infinity":5,"f:15:20:15:21":4,"s:15:40:15:Infinity":6,"f:16:21:16:22":5,"s:16:40:16:Infinity":7}}}
,"/Users/pcstyle/sen-web/src/stores/tutorialStore.ts": {"path":"/Users/pcstyle/sen-web/src/stores/tutorialStore.ts","statementMap":{"0":{"start":{"line":29,"column":22},"end":{"line":29,"column":null}},"1":{"start":{"line":31,"column":34},"end":{"line":44,"column":null}},"2":{"start":{"line":53,"column":24},"end":{"line":63,"column":null}},"3":{"start":{"line":56,"column":16},"end":{"line":56,"column":null}},"4":{"start":{"line":57,"column":2},"end":{"line":57,"column":null}},"5":{"start":{"line":58,"column":2},"end":{"line":61,"column":null}},"6":{"start":{"line":59,"column":5},"end":{"line":60,"column":null}},"7":{"start":{"line":60,"column":6},"end":{"line":60,"column":null}},"8":{"start":{"line":60,"column":19},"end":{"line":60,"column":41}},"9":{"start":{"line":62,"column":2},"end":{"line":62,"column":null}},"10":{"start":{"line":65,"column":6},"end":{"line":96,"column":null}},"11":{"start":{"line":66,"column":17},"end":{"line":94,"column":null}},"12":{"start":{"line":68,"column":25},"end":{"line":68,"column":null}},"13":{"start":{"line":70,"column":19},"end":{"line":70,"column":null}},"14":{"start":{"line":71,"column":27},"end":{"line":71,"column":null}},"15":{"start":{"line":72,"column":6},"end":{"line":76,"column":null}},"16":{"start":{"line":73,"column":8},"end":{"line":73,"column":null}},"17":{"start":{"line":75,"column":8},"end":{"line":75,"column":null}},"18":{"start":{"line":79,"column":19},"end":{"line":79,"column":null}},"19":{"start":{"line":80,"column":27},"end":{"line":80,"column":null}},"20":{"start":{"line":82,"column":6},"end":{"line":84,"column":null}},"21":{"start":{"line":83,"column":8},"end":{"line":83,"column":null}},"22":{"start":{"line":87,"column":6},"end":{"line":87,"column":null}},"23":{"start":{"line":90,"column":6},"end":{"line":90,"column":null}},"24":{"start":{"line":91,"column":6},"end":{"line":91,"column":null}},"25":{"start":{"line":93,"column":37},"end":{"line":93,"column":null}},"26":{"start":{"line":103,"column":32},"end":{"line":103,"column":null}}},"fnMap":{"0":{"name":"(anonymous_0)","decl":{"start":{"line":53,"column":24},"end":{"line":53,"column":null}},"loc":{"start":{"line":55,"column":23},"end":{"line":63,"column":null}},"line":55},"1":{"name":"(anonymous_1)","decl":{"start":{"line":59,"column":54},"end":{"line":59,"column":null}},"loc":{"start":{"line":60,"column":6},"end":{"line":60,"column":null}},"line":60},"2":{"name":"(anonymous_2)","decl":{"start":{"line":60,"column":12},"end":{"line":60,"column":13}},"loc":{"start":{"line":60,"column":19},"end":{"line":60,"column":41}},"line":60},"3":{"name":"(anonymous_3)","decl":{"start":{"line":66,"column":2},"end":{"line":66,"column":3}},"loc":{"start":{"line":66,"column":17},"end":{"line":94,"column":null}},"line":66},"4":{"name":"(anonymous_4)","decl":{"start":{"line":68,"column":19},"end":{"line":68,"column":25}},"loc":{"start":{"line":68,"column":25},"end":{"line":68,"column":null}},"line":68},"5":{"name":"(anonymous_5)","decl":{"start":{"line":69,"column":14},"end":{"line":69,"column":20}},"loc":{"start":{"line":69,"column":20},"end":{"line":77,"column":null}},"line":69},"6":{"name":"(anonymous_6)","decl":{"start":{"line":78,"column":14},"end":{"line":78,"column":20}},"loc":{"start":{"line":78,"column":20},"end":{"line":85,"column":null}},"line":78},"7":{"name":"(anonymous_7)","decl":{"start":{"line":86,"column":20},"end":{"line":86,"column":26}},"loc":{"start":{"line":86,"column":26},"end":{"line":88,"column":null}},"line":86},"8":{"name":"(anonymous_8)","decl":{"start":{"line":89,"column":17},"end":{"line":89,"column":23}},"loc":{"start":{"line":89,"column":23},"end":{"line":92,"column":null}},"line":89},"9":{"name":"(anonymous_9)","decl":{"start":{"line":93,"column":13},"end":{"line":93,"column":14}},"loc":{"start":{"line":93,"column":37},"end":{"line":93,"column":null}},"line":93}},"branchMap":{"0":{"loc":{"start":{"line":72,"column":6},"end":{"line":76,"column":null}},"type":"if","locations":[{"start":{"line":72,"column":6},"end":{"line":76,"column":null}},{"start":{"line":74,"column":13},"end":{"line":76,"column":null}}],"line":72},"1":{"loc":{"start":{"line":82,"column":6},"end":{"line":84,"column":null}},"type":"if","locations":[{"start":{"line":82,"column":6},"end":{"line":84,"column":null}},{"start":{},"end":{}}],"line":82}},"s":{"0":2,"1":2,"2":2,"3":2,"4":2,"5":2,"6":14,"7":0,"8":0,"9":2,"10":2,"11":2,"12":2,"13":22,"14":22,"15":22,"16":20,"17":2,"18":10,"19":10,"20":10,"21":8,"22":1,"23":2,"24":2,"25":13,"26":2},"f":{"0":2,"1":0,"2":0,"3":2,"4":2,"5":22,"6":10,"7":1,"8":2,"9":13},"b":{"0":[20,2],"1":[8,2]},"meta":{"lastBranch":2,"lastFunction":10,"lastStatement":27,"seen":{"s:29:22:29:Infinity":0,"s:31:34:44:Infinity":1,"s:53:24:63:Infinity":2,"f:53:24:53:Infinity":0,"s:56:16:56:Infinity":3,"s:57:2:57:Infinity":4,"s:58:2:61:Infinity":5,"s:59:5:60:Infinity":6,"f:59:54:59:Infinity":1,"s:60:6:60:Infinity":7,"f:60:12:60:13":2,"s:60:19:60:41":8,"s:62:2:62:Infinity":9,"s:65:6:96:Infinity":10,"f:66:2:66:3":3,"s:66:17:94:Infinity":11,"f:68:19:68:25":4,"s:68:25:68:Infinity":12,"f:69:14:69:20":5,"s:70:19:70:Infinity":13,"s:71:27:71:Infinity":14,"b:72:6:76:Infinity:74:13:76:Infinity":0,"s:72:6:76:Infinity":15,"s:73:8:73:Infinity":16,"s:75:8:75:Infinity":17,"f:78:14:78:20":6,"s:79:19:79:Infinity":18,"s:80:27:80:Infinity":19,"b:82:6:84:Infinity:undefined:undefined:undefined:undefined":1,"s:82:6:84:Infinity":20,"s:83:8:83:Infinity":21,"f:86:20:86:26":7,"s:87:6:87:Infinity":22,"f:89:17:89:23":8,"s:90:6:90:Infinity":23,"s:91:6:91:Infinity":24,"f:93:13:93:14":9,"s:93:37:93:Infinity":25,"s:103:32:103:Infinity":26}}}
}
